门店名称	菜品名称	物料名称	毛料	净料	单价	单位	物料成本
总部	湖南米粉	江西米粉50*500g	200	200	3.8	克	1.52
总部	剁椒鱼头（半只）	大红椒	25	25	5.25	克	0.26
总部	剁椒鱼头（半只）	小米椒	5	5	10	克	0.1
总部	剁椒鱼头（半只）	生姜	4	4	3.15	克	0.03
总部	剁椒鱼头（半只）	大蒜子	5	5	4	克	0.04
总部	剁椒鱼头（半只）	香葱	2.5	2.5	4.75	克	0.02
总部	剁椒鱼头（半只）	家乐鸡精900g*10	2	2	20.5	克	0.05
总部	剁椒鱼头（半只）	老一品豆豉180g*30	3	3	4	克	0.07
总部	剁椒鱼头（半只）	家乐蒸鱼豉油2.35KG*6	10	10	24.75	克	0.11
总部	剁椒鱼头（半只）	泡红椒1*2.5kg	125	125	7	克	1.75
总部	剁椒鱼头（半只）	大湖有机鱼	1.9	1.9	12.15	斤	23.09
总部	剁椒鱼头（半只）	带皮肥膘	15	15	7.5	克	0.23
总部	剁椒鱼头（半只）	青岛啤酒冰纯600ML	25	25	2	克	0.08
总部	剁椒鱼头（半只）	双桥味精2.5kg	2	2	36	克	0.03
总部	剁椒鱼头（半只）	海皇大豆油10L	25	25	0	克	0
总部	剁椒鱼头（整只）	大红椒	50	50	5.25	克	0.53
总部	剁椒鱼头（整只）	小米椒	10	10	10	克	0.2
总部	剁椒鱼头（整只）	生姜	8	8	3.15	克	0.05
总部	剁椒鱼头（整只）	大蒜子	10	10	4	克	0.08
总部	剁椒鱼头（整只）	香葱	5	5	4.75	克	0.05
总部	剁椒鱼头（整只）	家乐鸡精900g*10	4	4	20.5	克	0.09
总部	剁椒鱼头（整只）	老一品豆豉180g*30	6	6	4	克	0.13
总部	剁椒鱼头（整只）	家乐蒸鱼豉油2.35KG*6	20	20	24.75	克	0.21
总部	剁椒鱼头（整只）	泡红椒1*2.5kg	250	250	7	克	3.5
总部	剁椒鱼头（整只）	大湖有机鱼	3.8	3.8	12.15	斤	46.17
总部	剁椒鱼头（整只）	带皮肥膘	30	30	7.5	克	0.45
总部	剁椒鱼头（整只）	青岛啤酒冰纯600ML	50	50	2	克	0.17
总部	剁椒鱼头（整只）	双桥味精2.5kg	4	4	36	克	0.06
总部	剁椒鱼头（整只）	海皇大豆油10L	50	50	0	克	0
总部	剁椒蒸毛芋	毛芋头(光）	300	300	4	克	2.4
总部	剁椒蒸毛芋	大红椒	15	15	5.25	克	0.16
总部	剁椒蒸毛芋	小米椒	10	10	10	克	0.2
总部	剁椒蒸毛芋	香葱	6	6	4.75	克	0.06
总部	剁椒蒸毛芋	食用盐400g*60	1	1	0.75	克	0
总部	剁椒蒸毛芋	唐辣子剁辣椒10kg	4	4	110	克	0.04
总部	剁椒蒸毛芋	家乐蒸鱼豉油2.35KG*6	15	15	24.75	克	0.16
总部	剁椒蒸毛芋	津山口福猛辣剁椒10KG	15	15	86.67	克	0.13
总部	剁椒蒸毛芋	带皮肥膘	50	50	7.5	克	0.75
总部	剁椒蒸毛芋	双桥味精2.5kg	1	1	36	克	0.01
总部	肉饼蒸水蛋	香葱	10	10	4.75	克	0.1
总部	肉饼蒸水蛋	去皮马蹄	20	20	9.5	克	0.38
总部	肉饼蒸水蛋	肉泥	100	100	12	克	2.4
总部	肉饼蒸水蛋	家乐鸡精900g*10	5	5	20.5	克	0.11
总部	肉饼蒸水蛋	食用盐400g*60	3	3	0.75	克	0.01
总部	肉饼蒸水蛋	家乐蒸鱼豉油2.35KG*6	5	5	24.75	克	0.05
总部	肉饼蒸水蛋	带皮肥膘	15	15	7.5	克	0.23
总部	肉饼蒸水蛋	鸡蛋	300	300	0	克	0
总部	自制腊香肠	生姜	10	10	3.15	克	0.06
总部	自制腊香肠	大蒜子	10	10	4	克	0.08
总部	自制腊香肠	香葱	2	2	4.75	克	0.02
总部	自制腊香肠	红辣椒粉	1	1	9.25	克	0.02
总部	自制腊香肠	老一品豆豉180g*30	5	5	4	克	0.11
总部	自制腊香肠	腊香肠	150	150	27.5	克	8.25
总部	自制腊香肠	海皇大豆油10L	30	30	0	克	0
总部	香芋蒸排骨	香葱	3	3	4.75	克	0.03
总部	香芋蒸排骨	仔排	120	120	15.5	克	3.72
总部	香芋蒸排骨	白糖	5	5	3.9	克	0.04
总部	香芋蒸排骨	超级生粉	8	8	5.18	克	0.08
总部	香芋蒸排骨	食用盐400g*60	2	2	0.75	克	0
总部	香芋蒸排骨	口口可楚香芋290g	250	250	30.5	克	26.29
总部	香芋蒸排骨	带皮肥膘	100	100	7.5	克	1.5
总部	香芋蒸排骨	双桥味精2.5kg	2	2	36	克	0.03
总部	香芋蒸排骨	海皇大豆油10L	30	30	0	克	0
总部	香芋蒸排骨	鸡蛋	75	75	0	克	0
总部	湘西腊牛肉	生姜	2	2	3.15	克	0.01
总部	湘西腊牛肉	大蒜子	2	2	4	克	0.02
总部	湘西腊牛肉	香葱	2	2	4.75	克	0.02
总部	湘西腊牛肉	红辣椒粉	2	2	9.25	克	0.04
总部	湘西腊牛肉	腊牛肉	150	150	61	克	18.3
总部	湘西腊牛肉	家乐鸡精900g*10	2	2	20.5	克	0.05
总部	湘西腊牛肉	老一品豆豉180g*30	2	2	4	克	0.04
总部	湘西腊牛肉	双桥味精2.5kg	1	1	36	克	0.01
总部	湘西腊牛肉	纯正菜籽油20L	20	20	0	毫升	0
总部	口味当家肉	青椒	50	50	4.15	克	0.42
总部	口味当家肉	生姜	5	5	3.15	克	0.03
总部	口味当家肉	大蒜子	6	6	4	克	0.05
总部	口味当家肉	香葱	3	3	4.75	克	0.03
总部	口味当家肉	带皮五花肉	600	600	13.9	克	16.68
总部	口味当家肉	红辣椒粉	20	20	9.25	克	0.37
总部	口味当家肉	海天红烧酱油500ml*12	15	15	6.25	毫升	0.19
总部	口味当家肉	老一品豆豉180g*30	8	8	4	克	0.18
总部	口味当家肉	食用盐400g*60	1	1	0.75	克	0
总部	口味当家肉	海天金标生抽500ML	25	25	6	克	0.3
总部	口味当家肉	双桥味精2.5kg	3	3	36	克	0.04
总部	口味当家肉	海皇大豆油10L	30	30	0	克	0
总部	怡宝矿泉水	矿泉水	1	1	1.09	瓶	1.09
总部	加多宝	加多宝	1	1	2.2	瓶	2.2
总部	雪花勇闯天涯	雪花勇闯天涯	1	1	0	瓶	0
总部	怡宝矿泉水	矿泉水	1	1	1.1	瓶	1.1
总部	加多宝	加多宝	1	1	2.2	瓶	2.2
总部	雪花勇闯天涯	雪花勇闯天涯	1	1	0	瓶	0
总部	邵阳老酒	邵阳老酒1*24	1	1	5.75	瓶	5.75
总部	雪花纯生	雪花纯生	1	1	78	瓶	6.5
总部	老坛剁椒鱼头	紫苏	10	10	3.5	克	0.07
总部	老坛剁椒鱼头	大红椒	50	50	4	克	0.4
总部	老坛剁椒鱼头	小米椒	10	10	6.5	克	0.13
总部	老坛剁椒鱼头	生姜	8	8	3	克	0.05
总部	老坛剁椒鱼头	大蒜子	10	10	3.51	克	0.07
总部	老坛剁椒鱼头	香葱	5	5	2.8	克	0.03
总部	老坛剁椒鱼头	冻肥膘	30	30	6	克	0.36
总部	老坛剁椒鱼头	家乐鸡精900g*10	4	4	20.51	克	0.09
总部	老坛剁椒鱼头	老一品豆豉180g*30	6	6	4	克	0.13
总部	老坛剁椒鱼头	家乐蒸鱼豉油2.35KG*6	20	20	25	克	0.21
总部	老坛剁椒鱼头	莲花味精2000g*5	4	4	26	克	0.05
总部	老坛剁椒鱼头	泡红椒1*2.5kg	250	250	7	克	3.5
总部	老坛剁椒鱼头	大豆油	50	50	141	克	0.35
总部	老坛剁椒鱼头	大湖有机鱼	3.8	3.8	11.8	斤	44.84
总部	老坛剁椒鱼头	重庆啤酒	50	50	31	毫升	0.26
总部	郎酒100ml	小郎酒100ml*24	1	1	12	瓶	12
总部	开口笑好韵酒100ml	好韵开口笑1*24	1	1	16	瓶	16
总部	经典王朝干红	经典王朝干红1*12	1	1	34	瓶	34
总部	长城窑藏三年干红	长城窖藏三年干红1*6	1	1	78	瓶	78
总部	九年开口笑500ml	52度九年开口笑1*6	1	1	95	瓶	95
总部	老坛剁椒鱼头（半只）	紫苏	5	5	3.5	克	0.04
总部	老坛剁椒鱼头（半只）	大红椒	25	25	4	克	0.2
总部	老坛剁椒鱼头（半只）	小米椒	5	5	6.5	克	0.07
总部	老坛剁椒鱼头（半只）	生姜	4	4	3	克	0.02
总部	老坛剁椒鱼头（半只）	大蒜子	5	5	3.51	克	0.04
总部	老坛剁椒鱼头（半只）	香葱	2.5	2.5	2.8	克	0.01
总部	老坛剁椒鱼头（半只）	冻肥膘	15	15	6	克	0.18
总部	老坛剁椒鱼头（半只）	家乐鸡精900g*10	2	2	20.51	克	0.05
总部	老坛剁椒鱼头（半只）	老一品豆豉180g*30	3	3	4	克	0.07
总部	老坛剁椒鱼头（半只）	家乐蒸鱼豉油2.35KG*6	10	10	25	克	0.11
总部	老坛剁椒鱼头（半只）	莲花味精2000g*5	2	2	26	克	0.03
总部	老坛剁椒鱼头（半只）	泡红椒1*2.5kg	125	125	7	克	1.75
总部	老坛剁椒鱼头（半只）	大豆油	25	25	141	克	0.18
总部	老坛剁椒鱼头（半只）	大湖有机鱼	1.9	1.9	11.8	斤	22.42
总部	老坛剁椒鱼头（半只）	重庆啤酒	25	25	31	毫升	0.13
总部	酒鬼三两三168ml	三两三	1	1	624	瓶	26
总部	米饭费	益香米15KG	50	50	124.5	克	0.42
总部	纸巾	盒装纸巾（新版）	1	1	0.7	盒	0.7
总部	打包盒	750打包盒	1	1	111.01	个	0.37
总部	半价剁椒鱼头	紫苏	10	10	3.5	克	0.07
总部	半价剁椒鱼头	大红椒	50	50	4	克	0.4
总部	半价剁椒鱼头	小米椒	10	10	6.5	克	0.13
总部	半价剁椒鱼头	生姜	8	8	3	克	0.05
总部	半价剁椒鱼头	大蒜子	10	10	3.51	克	0.07
总部	半价剁椒鱼头	香葱	5	5	2.8	克	0.03
总部	半价剁椒鱼头	冻肥膘	30	30	6	克	0.36
总部	半价剁椒鱼头	家乐鸡精900g*10	4	4	20.51	克	0.09
总部	半价剁椒鱼头	老一品豆豉180g*30	6	6	4	克	0.13
总部	半价剁椒鱼头	家乐蒸鱼豉油2.35KG*6	20	20	25	克	0.21
总部	半价剁椒鱼头	莲花味精2000g*5	4	4	26	克	0.05
总部	半价剁椒鱼头	泡红椒1*2.5kg	250	250	7	克	3.5
总部	半价剁椒鱼头	大豆油	50	50	141	克	0.35
总部	半价剁椒鱼头	大湖有机鱼	3.8	3.8	11.8	斤	44.84
总部	半价剁椒鱼头	重庆啤酒	50	50	31	毫升	0.26
总部	手工面条	手工面	200	200	3	克	1.2
总部	全免剁椒鱼头	紫苏	10	10	3.5	克	0.07
总部	全免剁椒鱼头	大红椒	50	50	4	克	0.4
总部	全免剁椒鱼头	小米椒	10	10	6.5	克	0.13
总部	全免剁椒鱼头	生姜	8	8	3	克	0.05
总部	全免剁椒鱼头	大蒜子	10	10	3.51	克	0.07
总部	全免剁椒鱼头	香葱	5	5	2.8	克	0.03
总部	全免剁椒鱼头	冻肥膘	30	30	6	克	0.36
总部	全免剁椒鱼头	家乐鸡精900g*10	4	4	20.51	克	0.09
总部	全免剁椒鱼头	老一品豆豉180g*30	6	6	4	克	0.13
总部	全免剁椒鱼头	家乐蒸鱼豉油2.35KG*6	20	20	25	克	0.21
总部	全免剁椒鱼头	莲花味精2000g*5	4	4	26	克	0.05
总部	全免剁椒鱼头	泡红椒1*2.5kg	250	250	7	克	3.5
总部	全免剁椒鱼头	大豆油	50	50	141	克	0.35
总部	全免剁椒鱼头	大湖有机鱼	3.8	3.8	11.8	斤	44.84
总部	全免剁椒鱼头	重庆啤酒	50	50	31	毫升	0.26
总部	铁锅葱烧虾	小米椒	6	6	6.54	克	0.08
总部	铁锅葱烧虾	生姜	10	10	2.5	克	0.05
总部	铁锅葱烧虾	大蒜子	150	150	2.8	克	0.84
总部	铁锅葱烧虾	香葱	90	90	2.8	克	0.5
总部	铁锅葱烧虾	白糖	3	3	4	克	0.02
总部	铁锅葱烧虾	超级生粉	3	3	9.51	克	0.06
总部	铁锅葱烧虾	鸡蛋1*420	0.5	0.5	273	个	0.33
总部	铁锅葱烧虾	海天上等蚝油6000g*2	5	5	35	克	0.04
总部	铁锅葱烧虾	食用盐400g*60	1	1	1.5	克	0
总部	铁锅葱烧虾	水煮汉虾	20	20	68.75	克	1.38
总部	铁锅葱烧虾	家乐蒸鱼豉油2.35KG*6	8	8	25	克	0.09
总部	铁锅葱烧虾	莲花味精2000g*5	2	2	26	克	0.03
总部	铁锅葱烧虾	大豆油	80	80	141	克	0.56
总部	铁锅葱烧虾	李锦记锦珍生抽500ml	8	8	4.5	毫升	0.07
总部	汽锅蛋饺香	生姜	20	20	3	克	0.12
总部	汽锅蛋饺香	香葱	2	2	2.8	克	0.01
总部	汽锅蛋饺香	去皮马蹄	50	50	12	克	1.2
总部	汽锅蛋饺香	鲜玉米	150	150	3	克	0.9
总部	汽锅蛋饺香	肉泥	150	150	11.5	克	3.45
总部	汽锅蛋饺香	大排	100	100	14.53	克	2.91
总部	汽锅蛋饺香	白胡椒粉	2	2	39	克	0.16
总部	汽锅蛋饺香	鸡蛋1*420	1	1	273	个	0.65
总部	汽锅蛋饺香	家乐鸡精900g*10	2	2	20.51	克	0.05
总部	汽锅蛋饺香	食用盐400g*60	2	2	1.5	克	0.01
总部	汽锅蛋饺香	黄油老母鸡	150	150	13.5	克	4.05
总部	汽锅蛋饺香	大豆油	30	30	141	克	0.21
总部	酱油炒饭	香葱	20	20	2.81	克	0.11
总部	酱油炒饭	冻肥膘	50	50	6	克	0.6
总部	酱油炒饭	鸡蛋1*420	1	1	273	个	0.65
总部	酱油炒饭	白胡椒粒	5	5	56	克	0.56
总部	酱油炒饭	食用盐400g*60	2	2	1.5	克	0.01
总部	酱油炒饭	海天草菇老抽500ml*12	10	10	6.8	毫升	0.14
总部	酱油炒饭	大豆油	20	20	141	克	0.14
总部	酱油炒饭	益香米15KG	200	200	124.57	克	1.67
总部	臭豆腐（4片）	小米椒	5	5	6.6	克	0.07
总部	臭豆腐（4片）	大蒜子	5	5	3.52	克	0.04
总部	臭豆腐（4片）	香葱	5	5	2.77	克	0.03
总部	臭豆腐（4片）	臭豆腐	4	4	0.34	片	1.36
总部	臭豆腐（4片）	红辣椒粉	5	5	9.61	克	0.1
总部	臭豆腐（4片）	食用盐400g*60	2	2	1.53	克	0.01
总部	臭豆腐（4片）	义丰祥麻油350ml*20	2	2	7.54	克	0.04
总部	臭豆腐（4片）	莲花味精2000g*5	3	3	26	克	0.04
总部	臭豆腐（4片）	大豆油	20	20	141	克	0.14
总部	臭豆腐（4片）	李锦记锦珍生抽500ml	5	5	4.51	毫升	0.05
总部	团购特价香芋蒸排骨	香葱	3	3	2.8	克	0.02
总部	团购特价香芋蒸排骨	冻肥膘	100	100	6	克	1.2
总部	团购特价香芋蒸排骨	仔排	120	120	21	克	5.04
总部	团购特价香芋蒸排骨	白糖	5	5	4	克	0.04
总部	团购特价香芋蒸排骨	超级生粉	8	8	9.52	克	0.15
总部	团购特价香芋蒸排骨	鸡蛋1*420	1	1	273	个	0.65
总部	团购特价香芋蒸排骨	食用盐400g*60	2	2	1.5	克	0.01
总部	团购特价香芋蒸排骨	莲花味精2000g*5	2	2	26	克	0.03
总部	团购特价香芋蒸排骨	大豆油	30	30	141	克	0.21
总部	团购特价香芋蒸排骨	香芋粒1*2.5kg	250	250	50	克	5
总部	猪油拌饭	香葱	0.5	0.5	2.8	克	0
总部	猪油拌饭	新鲜肥膘	15	15	6.6	克	0.2
总部	猪油拌饭	海天草菇老抽500ml*12	2	2	6.8	毫升	0.03
总部	猪油拌饭	益香米15KG	50	50	124.51	克	0.42
总部	臭豆腐（6片）	香葱	2	2	2.77	克	0.01
总部	臭豆腐（6片）	凤尾酸菜	8	8	3	克	0.05
总部	臭豆腐（6片）	越南椒粉	1	1	9.5	克	0.02
总部	臭豆腐（6片）	臭豆腐	6	6	0.34	片	2.04
总部	臭豆腐（6片）	家乐鸡精900g*10	1	1	20.51	克	0.02
总部	臭豆腐（6片）	食用盐400g*60	1	1	1.53	克	0
总部	臭豆腐（6片）	义丰祥麻油350ml*20	1	1	7.54	克	0.02
总部	臭豆腐（6片）	榨菜头	3	3	2.21	克	0.01
总部	臭豆腐（6片）	大豆油	5	5	141	克	0.04
总部	团购特价口味花甲王	紫苏	15	15	3.5	克	0.11
总部	团购特价口味花甲王	青椒	130	130	4.5	克	1.17
总部	团购特价口味花甲王	生姜	30	30	2.51	克	0.15
总部	团购特价口味花甲王	大蒜子	30	30	2.82	克	0.17
总部	团购特价口味花甲王	香葱	10	10	2.81	克	0.06
总部	团购特价口味花甲王	食用盐400g*60	2	2	1.5	克	0.01
总部	团购特价口味花甲王	海天草菇老抽500ml*12	10	10	6.8	毫升	0.14
总部	团购特价口味花甲王	莲花味精2000g*5	2	2	26	克	0.03
总部	团购特价口味花甲王	花甲1*10	1	1	8.8	包	8.8
总部	团购特价口味花甲王	大豆油	50	50	141	克	0.35
总部	团购特价口味花甲王	金牌牛蛙酱	30	30	125	克	1.5
总部	臭豆腐（10片）	大蒜子	5	5	3.52	克	0.04
总部	臭豆腐（10片）	香葱	5	5	2.77	克	0.03
总部	臭豆腐（10片）	越南椒粉	5	5	9.5	克	0.1
总部	臭豆腐（10片）	臭豆腐	10	10	0.34	片	3.4
总部	臭豆腐（10片）	食用盐400g*60	2	2	1.53	克	0.01
总部	臭豆腐（10片）	义丰祥麻油350ml*20	2	2	7.54	克	0.04
总部	臭豆腐（10片）	莲花味精2000g*5	3	3	26	克	0.04
总部	臭豆腐（10片）	大豆油	20	20	141	克	0.14
总部	臭豆腐（10片）	李锦记锦珍生抽500ml	5	5	4.51	毫升	0.05
总部	臭豆腐（8片）	小米椒	5	5	6.6	克	0.07
总部	臭豆腐（8片）	大蒜子	5	5	3.52	克	0.04
总部	臭豆腐（8片）	香葱	5	5	2.77	克	0.03
总部	臭豆腐（8片）	越南椒粉	5	5	9.5	克	0.1
总部	臭豆腐（8片）	臭豆腐	8	8	0.34	片	2.72
总部	臭豆腐（8片）	食用盐400g*60	2	2	1.53	克	0.01
总部	臭豆腐（8片）	义丰祥麻油350ml*20	2	2	7.54	克	0.04
总部	臭豆腐（8片）	莲花味精2000g*5	3	3	26	克	0.04
总部	臭豆腐（8片）	大豆油	20	20	141	克	0.14
总部	臭豆腐（8片）	李锦记锦珍生抽500ml	5	5	4.51	毫升	0.05
总部	自制绿豆沙	白糖	35	35	4	克	0.28
总部	自制绿豆沙	绿豆	80	80	6.8	克	1.09
总部	红糖煎糍粑	红皮花生米	10	10	5	克	0.1
总部	红糖煎糍粑	散装红糖	0.1	0.1	4.4	斤	0.44
总部	红糖煎糍粑	大豆油	30	30	141	克	0.21
总部	红糖煎糍粑	薄荷叶	10	10	12	克	0.24
总部	红糖煎糍粑	糍粑	340	340	6.8	克	6.8
总部	养身红枣汁	卿卿雨阿胶枣	100	100	4.5	克	1.5
总部	柠檬可乐	海南青柠檬（斤）	30	30	11	克	0.66
总部	柠檬可乐	可乐	500	500	1.88	克	1.88
总部	香烤猪手	香葱	2	2	2.8	克	0.01
总部	香烤猪手	鲜猪手	1	1	13.5	边	6.75
总部	香烤猪手	越南椒粉	2	2	9.5	克	0.04
总部	香烤猪手	大豆油	5	5	141	克	0.04
总部	团购酱汁牛腩钵	生姜	25	25	2.51	克	0.13
总部	团购酱汁牛腩钵	大蒜子	15	15	2.82	克	0.08
总部	团购酱汁牛腩钵	香葱	10	10	2.81	克	0.06
总部	团购酱汁牛腩钵	美人椒	30	30	4.5	克	0.27
总部	团购酱汁牛腩钵	白胡椒粒	2	2	56	克	0.22
总部	团购酱汁牛腩钵	海天上等蚝油6000g*2	20	20	35	克	0.14
总部	团购酱汁牛腩钵	红星二锅头500ml*12	6	6	7.5	毫升	0.09
总部	团购酱汁牛腩钵	家乐鸡精900g*10	2	2	20.53	克	0.05
总部	团购酱汁牛腩钵	食用盐400g*60	2	2	1.5	克	0.01
总部	团购酱汁牛腩钵	甘草	5	5	17	克	0.17
总部	团购酱汁牛腩钵	冻牛筋	300	300	25	克	15
总部	团购酱汁牛腩钵	海天草菇老抽500ml*12	8	8	6.8	毫升	0.11
总部	团购酱汁牛腩钵	莲花味精2000g*5	5	5	26	克	0.07
总部	团购酱汁牛腩钵	原味黄野山椒节	2	2	20	克	0.08
总部	团购酱汁牛腩钵	大豆油	50	50	141	克	0.35
总部	团购酱汁牛腩钵	李锦记锦珍生抽500ml	10	10	4.51	毫升	0.09
总部	团购酱汁牛腩钵	新鲜牛腩	300	300	31	克	18.6
总部	香烤鸡翅串	香葱	10	10	2.8	克	0.06
总部	香烤鸡翅串	红辣椒面	10	10	18	克	0.36
总部	香烤鸡翅串	孜然粉	8	8	16.5	克	0.26
总部	香烤鸡翅串	永达翅中1KG	1	1	49	个	2.04
总部	香烤鸡翅串	莲花味精2000g*5	2	2	26	克	0.03
总部	香烤鸡翅串	川香麻辣腌酱2kg*6（烧烤酱料）	5	5	50	克	0.02
总部	香烤鸡翅串	大豆油	30	30	141	克	0.21
总部	团购红椒蒸脆骨	小米椒	15	15	6.5	克	0.2
总部	团购红椒蒸脆骨	大蒜子	10	10	3.51	克	0.07
总部	团购红椒蒸脆骨	香葱	5	5	2.8	克	0.03
总部	团购红椒蒸脆骨	美人椒	100	100	4.5	克	0.9
总部	团购红椒蒸脆骨	冻肥膘	50	50	6	克	0.6
总部	团购红椒蒸脆骨	家乐鸡精900g*10	2	2	20.51	克	0.05
总部	团购红椒蒸脆骨	老一品豆豉180g*30	3	3	4	克	0.07
总部	团购红椒蒸脆骨	食用盐400g*60	4	4	1.5	克	0.02
总部	团购红椒蒸脆骨	德字香干	50	50	3.5	克	0.35
总部	团购红椒蒸脆骨	莲花味精2000g*5	2	2	26	克	0.03
总部	团购红椒蒸脆骨	猪脆骨	250	250	20	克	10
总部	湖南米粉	江西米线	200	200	3.8	克	1.52
总部	青柠雪碧	海南青柠檬（斤）	90	90	11	克	1.98
总部	青柠雪碧	厅雪碧	1	1	1.88	厅	1.88
总部	香烤小肉肠/5串	红辣椒面	2	2	18	克	0.07
总部	香烤小肉肠/5串	孜然粉	5	5	16.5	克	0.17
总部	香烤小肉肠/5串	太太乐鲜味宝500g	1	1	13	克	0.03
总部	香烤小肉肠/5串	食用盐400g*60	1	1	1.5	克	0
总部	香烤小肉肠/5串	大豆油	10	10	141	克	0.07
总部	香烤小肉肠/5串	肉肠	1	1	0	根	0
总部	团购葱油圈/3个	香葱	6.5	6.5	2.77	克	0.04
总部	团购葱油圈/3个	泡打粉	1.3	1.3	20	克	0.65
总部	团购葱油圈/3个	家乐鸡精900g*10	0.04	0.04	20.51	克	0
总部	团购葱油圈/3个	太太乐鲜味宝500g	0.07	0.07	13	克	0
总部	团购葱油圈/3个	食用盐400g*60	0.43	0.43	1.53	克	0
总部	团购葱油圈/3个	秋菊粘米粉400g*30	52	52	3.2	克	0.42
总部	团购葱油圈/3个	大豆油	55	55	141	克	0.39
总部	团购葱油圈/3个	益香米15KG	6.5	6.5	124.5	克	0.05
总部	赠送养身红枣汁	卿卿雨阿胶枣	100	100	4.5	克	1.5
总部	赠送自制绿豆沙	白糖	35	35	4	克	0.28
总部	赠送自制绿豆沙	绿豆	80	80	6.8	克	1.09
总部	香烤牛筋/5串	香葱	5	5	2.8	克	0.03
总部	香烤牛筋/5串	孜然粉	2.5	2.5	16.5	克	0.08
总部	香烤牛筋/5串	越南椒粉	5	5	9.5	克	0.1
总部	香烤牛筋/5串	冻牛筋	100	100	25	克	5
总部	香烤牛筋/5串	龙牌酱油500ML*12	2.5	2.5	6	毫升	0.03
总部	香烤牛筋/5串	莲花味精2000g*5	5	5	26	克	0.07
总部	香烤牛筋/5串	大豆油	12.5	12.5	141	克	0.09
总部	老卤香猪手	生姜	10	10	2.84	克	0.06
总部	老卤香猪手	香葱	10	10	2.86	克	0.06
总部	老卤香猪手	洋葱	10	10	2.5	克	0.05
总部	老卤香猪手	鲜猪手	2	2	13.5	边	13.5
总部	老卤香猪手	白糖	3	3	4	克	0.02
总部	老卤香猪手	红曲米	5	5	4.8	克	0.05
总部	老卤香猪手	红辣椒粉	5	5	9.5	克	0.1
总部	老卤香猪手	家乐鸡精900g*10	2	2	20.5	克	0.05
总部	老卤香猪手	卤药	10	10	26	克	0.52
总部	老卤香猪手	食用盐400g*60	2	2	1.5	克	0.01
总部	老卤香猪手	家乐蒸鱼豉油2.35KG*6	10	10	25	克	0.11
总部	老卤香猪手	莲花味精2000g*5	2	2	26	克	0.03
总部	老卤香猪手	原味黄野山椒节	2	2	20	克	0.08
总部	老卤香猪手	大豆油	50	50	141	克	0.35
总部	老卤香猪手	李锦记锦珍生抽500ml	10	10	4.5	毫升	0.09
总部	烤牛肉串串/10串起点	香葱	5	5	2.8	克	0.03
总部	烤牛肉串串/10串起点	牛菱	50	50	36	克	3.6
总部	烤牛肉串串/10串起点	超级生粉	2.5	2.5	9.59	克	0.05
总部	烤牛肉串串/10串起点	孜然粉	2.5	2.5	16.5	克	0.08
总部	烤牛肉串串/10串起点	越南椒粉	5	5	9.5	克	0.1
总部	烤牛肉串串/10串起点	食用盐400g*60	7.5	7.5	1.5	克	0.03
总部	烤牛肉串串/10串起点	龙牌酱油500ML*12	2.5	2.5	6	毫升	0.03
总部	烤牛肉串串/10串起点	莲花味精2000g*5	5	5	26	克	0.07
总部	烤牛肉串串/10串起点	大豆油	30	30	141	克	0.21
总部	团购攸县炒香干	小米椒	20	20	6.5	克	0.26
总部	团购攸县炒香干	大蒜叶	15	15	2.2	克	0.07
总部	团购攸县炒香干	大蒜子	30	30	2.82	克	0.17
总部	团购攸县炒香干	冻肥膘	30	30	6	克	0.36
总部	团购攸县炒香干	带皮五花肉	50	50	13	克	1.3
总部	团购攸县炒香干	白胡椒粒	5	5	56	克	0.56
总部	团购攸县炒香干	海天上等蚝油6000g*2	10	10	35	克	0.07
总部	团购攸县炒香干	家乐鸡精900g*10	4	4	20.53	克	0.09
总部	团购攸县炒香干	食用盐400g*60	2	2	1.5	克	0.01
总部	团购攸县炒香干	德字香干	300	300	3.5	克	2.1
总部	团购攸县炒香干	海天草菇老抽500ml*12	5	5	6.8	毫升	0.07
总部	团购攸县炒香干	家乐蒸鱼豉油2.35KG*6	8	8	25	克	0.09
总部	团购攸县炒香干	莲花味精2000g*5	4	4	26	克	0.05
总部	团购攸县炒香干	大豆油	20	20	141	克	0.14
总部	团购攸县炒香干	李锦记锦珍生抽500ml	6	6	4.51	毫升	0.05
总部	老卤香鸭头	白糖	2	2	4	克	0.02
总部	老卤香鸭头	红曲米	2	2	4.8	克	0.02
总部	老卤香鸭头	家乐鸡精900g*10	2	2	20.5	克	0.05
总部	老卤香鸭头	卤药	10	10	26	克	0.52
总部	老卤香鸭头	食用盐400g*60	2	2	1.5	克	0.01
总部	老卤香鸭头	家乐蒸鱼豉油2.35KG*6	10	10	25	克	0.11
总部	老卤香鸭头	莲花味精2000g*5	2	2	26	克	0.03
总部	老卤香鸭头	原味黄野山椒节	3	3	20	克	0.12
总部	老卤香鸭头	大豆油	25	25	141	克	0.18
总部	老卤香鸭头	鸭头	1	1	24	个	2.67
总部	糖饺子/3个	白糖	9	9	4	克	0.07
总部	糖饺子/3个	上海澄面454g*40	30	30	4.65	克	0.31
总部	糖饺子/3个	太古糖粉	5	5	9	克	0.09
总部	糖饺子/3个	小苏打	0.23	0.23	5.51	克	0.01
总部	糖饺子/3个	宁波水洗糯米粉850g*20	55	55	8	克	0.52
总部	糖饺子/3个	大豆油	6.5	6.5	141	克	0.05
总部	全橙热恋	橙子	125	125	8	克	2
总部	全橙热恋	太古糖粉	20	20	9	克	0.36
总部	全橙热恋	斯唛牌茉莉香片	1	1	43	克	0.09
总部	全橙热恋	香橙果泥	60	60	35	克	2.1
总部	糖油粑/3个	黄瓜	30	30	2.8	克	0.17
总部	糖油粑/3个	红圣女果	20	20	6	克	0.24
总部	糖油粑/3个	金片糖1*14	15	15	5	克	0.15
总部	糖油粑/3个	秋菊粘米粉400g*30	8.89	8.89	3.2	克	0.07
总部	糖油粑/3个	宁波水洗糯米粉850g*20	27	27	8	克	0.25
总部	糖油粑/3个	大豆油	10	10	141	克	0.07
总部	热卤四合一	大蒜子	5	5	3.51	克	0.04
总部	热卤四合一	本地韭菜	70	70	0	克	0
总部	热卤四合一	牛菱	80	80	36	克	5.76
总部	热卤四合一	红辣椒粉	8	8	9.5	克	0.15
总部	热卤四合一	海天红烧酱油500ml*12	10	10	6.82	毫升	0.14
总部	热卤四合一	义丰祥麻油350ml*20	5	5	7.5	克	0.11
总部	热卤四合一	冻牛肚1*45	100	100	20	克	4
总部	热卤四合一	大豆油	40	40	141	克	0.28
总部	葱油圈/3个	香葱	6.5	6.5	2.77	克	0.04
总部	葱油圈/3个	泡打粉	1.3	1.3	20	克	0.65
总部	葱油圈/3个	家乐鸡精900g*10	0.04	0.04	20.51	克	0
总部	葱油圈/3个	太太乐鲜味宝500g	0.07	0.07	13	克	0
总部	葱油圈/3个	食用盐400g*60	0.43	0.43	1.53	克	0
总部	葱油圈/3个	秋菊粘米粉400g*30	52	52	3.2	克	0.42
总部	葱油圈/3个	大豆油	55	55	141	克	0.39
总部	葱油圈/3个	益香米15KG	6.5	6.5	124.5	克	0.05
总部	猪油捞粉	黄瓜	50	50	2.8	克	0.28
总部	猪油捞粉	大蒜子	15	15	3.52	克	0.11
总部	猪油捞粉	香葱	7	7	2.77	克	0.04
总部	猪油捞粉	冻肥膘	30	30	6	克	0.36
总部	猪油捞粉	越南椒粉	4	4	9.5	克	0.08
总部	猪油捞粉	家乐鸡精900g*10	2	2	20.51	克	0.05
总部	猪油捞粉	凉皮	250	250	7	克	3.5
总部	猪油捞粉	龙牌酱油500ML*12	7	7	6	毫升	0.08
总部	猪油捞粉	李锦记锦珍生抽500ml	3.5	3.5	4.51	毫升	0.03
总部	猪油捞面	黄瓜	50	50	2.8	克	0.28
总部	猪油捞面	大蒜子	15	15	3.52	克	0.11
总部	猪油捞面	香葱	7	7	2.77	克	0.04
总部	猪油捞面	冻肥膘	40	40	6	克	0.48
总部	猪油捞面	越南椒粉	4	4	9.5	克	0.08
总部	猪油捞面	家乐鸡精900g*10	2	2	20.51	克	0.05
总部	猪油捞面	手工面	150	150	3	克	0.9
总部	猪油捞面	龙牌酱油500ML*12	7	7	6	毫升	0.08
总部	猪油捞面	李锦记锦珍生抽500ml	3.5	3.5	4.51	毫升	0.03
总部	热卤牛肚	小米椒	50	50	6.5	克	0.65
总部	热卤牛肚	生姜	15	15	2.84	克	0.09
总部	热卤牛肚	大蒜子	15	15	3.51	克	0.11
总部	热卤牛肚	芹菜	150	150	2.5	克	0.75
总部	热卤牛肚	冻肥膘	50	50	6	克	0.6
总部	热卤牛肚	海天上等蚝油6000g*2	8	8	35	克	0.06
总部	热卤牛肚	家乐鸡精900g*10	5	5	20.5	克	0.11
总部	热卤牛肚	食用盐400g*60	3	3	1.5	克	0.01
总部	热卤牛肚	海天草菇老抽500ml*12	6	6	6.8	毫升	0.08
总部	热卤牛肚	莲花味精2000g*5	5	5	26	克	0.07
总部	热卤牛肚	冻牛肚1*45	250	250	20	克	10
总部	赠送臭豆腐/4片	小米椒	5	5	6.6	克	0.07
总部	赠送臭豆腐/4片	大蒜子	5	5	3.52	克	0.04
总部	赠送臭豆腐/4片	香葱	5	5	2.77	克	0.03
总部	赠送臭豆腐/4片	越南椒粉	5	5	9.5	克	0.1
总部	赠送臭豆腐/4片	臭豆腐	4	4	0.34	片	1.36
总部	赠送臭豆腐/4片	食用盐400g*60	2	2	1.53	克	0.01
总部	赠送臭豆腐/4片	义丰祥麻油350ml*20	2	2	7.54	克	0.04
总部	赠送臭豆腐/4片	莲花味精2000g*5	3	3	26	克	0.04
总部	赠送臭豆腐/4片	大豆油	20	20	141	克	0.14
总部	赠送臭豆腐/4片	李锦记锦珍生抽500ml	5	5	4.51	毫升	0.05
总部	赠送糖油粑/3个	黄瓜	30	30	2.8	克	0.17
总部	赠送糖油粑/3个	红圣女果	20	20	6	克	0.24
总部	赠送糖油粑/3个	金片糖1*14	15	15	5	克	0.15
总部	赠送糖油粑/3个	秋菊粘米粉400g*30	8.89	8.89	3.2	克	0.07
总部	赠送糖油粑/3个	宁波水洗糯米粉850g*20	27	27	8	克	0.25
总部	赠送糖油粑/3个	大豆油	10	10	141	克	0.07
总部	团购鸡汁脆笋钵	生姜	10	10	2.51	克	0.05
总部	团购鸡汁脆笋钵	冻肥膘	75	75	6	克	0.9
总部	团购鸡汁脆笋钵	鲜筒子骨	100	100	11.5	克	2.3
总部	团购鸡汁脆笋钵	白胡椒粒	5	5	56	克	0.56
总部	团购鸡汁脆笋钵	家乐鸡精900g*10	5	5	20.53	克	0.11
总部	团购鸡汁脆笋钵	食用盐400g*60	3	3	1.5	克	0.01
总部	团购鸡汁脆笋钵	莲花味精2000g*5	5	5	26	克	0.07
总部	团购鸡汁脆笋钵	原味黄野山椒节	5	5	20	克	0.2
总部	团购鸡汁脆笋钵	手工脆笋丝	250	250	16.8	克	8.4
总部	剁椒蒸毛芋	毛芋头(光）	300	300	2.99	克	1.79
总部	剁椒蒸毛芋	大红椒	15	15	4	克	0.12
总部	剁椒蒸毛芋	小米椒	10	10	6.5	克	0.13
总部	剁椒蒸毛芋	香葱	6	6	2.8	克	0.03
总部	剁椒蒸毛芋	冻肥膘	50	50	6	克	0.6
总部	剁椒蒸毛芋	食用盐400g*60	1	1	1.5	克	0
总部	剁椒蒸毛芋	唐辣子剁辣椒10kg	4	4	110	克	0.04
总部	剁椒蒸毛芋	家乐蒸鱼豉油2.35KG*6	15	15	25	克	0.16
总部	剁椒蒸毛芋	莲花味精2000g*5	1	1	26	克	0.01
总部	剁椒蒸毛芋	津山口福猛辣剁椒10KG	15	15	130	克	0.2
总部	肉饼蒸水蛋	香葱	10	10	2.8	克	0.06
总部	肉饼蒸水蛋	去皮马蹄	20	20	12	克	0.48
总部	肉饼蒸水蛋	冻肥膘	15	15	6	克	0.18
总部	肉饼蒸水蛋	肉泥	100	100	11.5	克	2.3
总部	肉饼蒸水蛋	鸡蛋1*420	4	4	273	个	2.6
总部	肉饼蒸水蛋	家乐鸡精900g*10	5	5	20.51	克	0.11
总部	肉饼蒸水蛋	食用盐400g*60	3	3	1.5	克	0.01
总部	肉饼蒸水蛋	家乐蒸鱼豉油2.35KG*6	5	5	25	克	0.05
总部	红椒蒸脆骨	小米椒	15	15	6.5	克	0.2
总部	红椒蒸脆骨	大蒜子	10	10	3.51	克	0.07
总部	红椒蒸脆骨	香葱	5	5	2.8	克	0.03
总部	红椒蒸脆骨	美人椒	100	100	4.5	克	0.9
总部	红椒蒸脆骨	冻肥膘	50	50	6	克	0.6
总部	红椒蒸脆骨	家乐鸡精900g*10	2	2	20.51	克	0.05
总部	红椒蒸脆骨	老一品豆豉180g*30	3	3	4	克	0.07
总部	红椒蒸脆骨	食用盐400g*60	4	4	1.5	克	0.02
总部	红椒蒸脆骨	德字香干	50	50	3.5	克	0.35
总部	红椒蒸脆骨	莲花味精2000g*5	2	2	26	克	0.03
总部	红椒蒸脆骨	猪脆骨	250	250	20	克	10
总部	酱汁牛腩锅	生姜	25	25	2.51	克	0.13
总部	酱汁牛腩锅	大蒜子	15	15	2.82	克	0.08
总部	酱汁牛腩锅	香葱	10	10	2.81	克	0.06
总部	酱汁牛腩锅	美人椒	30	30	4.5	克	0.27
总部	酱汁牛腩锅	白胡椒粒	2	2	56	克	0.22
总部	酱汁牛腩锅	海天上等蚝油6000g*2	20	20	35	克	0.14
总部	酱汁牛腩锅	家乐鸡精900g*10	2	2	20.53	克	0.05
总部	酱汁牛腩锅	食用盐400g*60	2	2	1.5	克	0.01
总部	酱汁牛腩锅	甘草	5	5	17	克	0.17
总部	酱汁牛腩锅	冻牛筋	250	250	25	克	12.5
总部	酱汁牛腩锅	海天草菇老抽500ml*12	8	8	6.8	毫升	0.11
总部	酱汁牛腩锅	莲花味精2000g*5	5	5	26	克	0.07
总部	酱汁牛腩锅	原味黄野山椒节	2	2	20	克	0.08
总部	酱汁牛腩锅	大豆油	50	50	141	克	0.35
总部	酱汁牛腩锅	李锦记锦珍生抽500ml	10	10	4.51	毫升	0.09
总部	酱汁牛腩锅	重庆啤酒	6	6	31	毫升	0.03
总部	酱汁牛腩锅	新鲜牛腩	250	250	31	克	15.5
总部	九制洞香肉	青椒	50	50	4.5	克	0.45
总部	九制洞香肉	生姜	5	5	3	克	0.03
总部	九制洞香肉	大蒜子	6	6	3.51	克	0.04
总部	九制洞香肉	香葱	3	3	2.8	克	0.02
总部	九制洞香肉	带皮五花肉	600	600	13	克	15.6
总部	九制洞香肉	越南椒粉	20	20	9.5	克	0.38
总部	九制洞香肉	老一品豆豉180g*30	8	8	4	克	0.18
总部	九制洞香肉	食用盐400g*60	1	1	1.5	克	0
总部	九制洞香肉	海天草菇老抽500ml*12	15	15	6.8	毫升	0.2
总部	九制洞香肉	莲花味精2000g*5	3	3	26	克	0.04
总部	九制洞香肉	大豆油	30	30	141	克	0.21
总部	九制洞香肉	李锦记锦珍生抽500ml	25	25	4.5	毫升	0.23
总部	香芋蒸排骨	香葱	3	3	2.8	克	0.02
总部	香芋蒸排骨	冻肥膘	100	100	6	克	1.2
总部	香芋蒸排骨	仔排	120	120	21	克	5.04
总部	香芋蒸排骨	白糖	5	5	4	克	0.04
总部	香芋蒸排骨	超级生粉	8	8	9.52	克	0.15
总部	香芋蒸排骨	鸡蛋1*420	1	1	273	个	0.65
总部	香芋蒸排骨	食用盐400g*60	2	2	1.5	克	0.01
总部	香芋蒸排骨	莲花味精2000g*5	2	2	26	克	0.03
总部	香芋蒸排骨	大豆油	30	30	141	克	0.21
总部	香芋蒸排骨	香芋粒1*2.5kg	250	250	50	克	5
总部	霸王香辣鸭	生姜	20	20	2.51	克	0.1
总部	霸王香辣鸭	大蒜叶	50	50	2.2	克	0.22
总部	霸王香辣鸭	大蒜子	10	10	2.82	克	0.06
总部	霸王香辣鸭	去籽红干椒节	80	80	11	克	1.76
总部	霸王香辣鸭	孜然粉	5	5	16.5	克	0.17
总部	霸王香辣鸭	干花椒籽	10	10	58	克	1.16
总部	霸王香辣鸭	红辣椒粉	10	10	9.5	克	0.19
总部	霸王香辣鸭	卤药	25	25	26	克	1.3
总部	霸王香辣鸭	义丰祥麻油350ml*20	10	10	7.5	克	0.22
总部	霸王香辣鸭	黎红花椒油400ml*12	5	5	13.5	克	0.17
总部	霸王香辣鸭	莲花味精2000g*5	2	2	26	克	0.03
总部	霸王香辣鸭	红皮花生米	50	50	5	克	0.5
总部	霸王香辣鸭	大豆油	60	60	141	克	0.42
总部	霸王香辣鸭	鸭腿	900	900	5	克	9
总部	湘西蒸腊肉	青椒	50	50	4.5	克	0.45
总部	湘西蒸腊肉	小米椒	20	20	6.5	克	0.26
总部	湘西蒸腊肉	大蒜叶	10	10	2.33	克	0.05
总部	湘西蒸腊肉	冻肥膘	60	60	6	克	0.72
总部	湘西蒸腊肉	湘西腊肉	80	80	28	克	4.48
总部	湘西蒸腊肉	家乐鸡精900g*10	5	5	20.51	克	0.11
总部	湘西蒸腊肉	海天草菇老抽500ml*12	5	5	6.8	毫升	0.07
总部	湘西蒸腊肉	莲花味精2000g*5	5	5	26	克	0.07
总部	湘西蒸腊肉	原味黄野山椒节	5	5	21	克	0.21
总部	湘西蒸腊肉	帅牌原味菜籽油20L	60	60	180	克	0.58
总部	湘西蒸腊肉	李锦记锦珍生抽500ml	6	6	4.5	毫升	0.05
总部	湘西腊牛肉	生姜	2	2	3	克	0.01
总部	湘西腊牛肉	大蒜子	2	2	3.51	克	0.01
总部	湘西腊牛肉	香葱	2	2	2.8	克	0.01
总部	湘西腊牛肉	红辣椒粉	2	2	9.5	克	0.04
总部	湘西腊牛肉	腊牛肉	150	150	67	克	20.1
总部	湘西腊牛肉	家乐鸡精900g*10	2	2	20.51	克	0.05
总部	湘西腊牛肉	老一品豆豉180g*30	2	2	4	克	0.04
总部	湘西腊牛肉	莲花味精2000g*5	1	1	26	克	0.01
总部	湘西腊牛肉	帅牌原味菜籽油20L	20	20	180	克	0.19
总部	酸汤牛蛙钵	白萝卜	200	200	1.05	克	0.42
总部	酸汤牛蛙钵	紫苏	15	15	3.5	克	0.11
总部	酸汤牛蛙钵	生姜	30	30	2.51	克	0.15
总部	酸汤牛蛙钵	大蒜子	40	40	2.82	克	0.23
总部	酸汤牛蛙钵	芹菜	50	50	2.5	克	0.25
总部	酸汤牛蛙钵	冻肥膘	80	80	6	克	0.96
总部	酸汤牛蛙钵	牛蛙	750	750	11.5	克	17.25
总部	酸汤牛蛙钵	白胡椒粒	3	3	56	克	0.34
总部	酸汤牛蛙钵	海天上等蚝油6000g*2	8	8	35	克	0.06
总部	酸汤牛蛙钵	家乐鸡精900g*10	5	5	20.53	克	0.11
总部	酸汤牛蛙钵	食用盐400g*60	3	3	1.5	克	0.01
总部	酸汤牛蛙钵	唐辣子剁辣椒10kg	20	20	110	克	0.22
总部	酸汤牛蛙钵	家乐蒸鱼豉油2.35KG*6	10	10	25	克	0.11
总部	酸汤牛蛙钵	莲花味精2000g*5	5	5	26	克	0.07
总部	酸汤牛蛙钵	泡红椒1*2.5kg	120	120	7	克	1.68
总部	辣椒小炒肉	大蒜子	20	20	2.82	克	0.11
总部	辣椒小炒肉	螺丝椒	250	250	3	克	1.5
总部	辣椒小炒肉	冻肥膘	50	50	6	克	0.6
总部	辣椒小炒肉	花猪肉	150	150	12.8	克	3.84
总部	辣椒小炒肉	后腿瘦肉	120	120	13.5	克	3.24
总部	辣椒小炒肉	老一品豆豉180g*30	15	15	4	克	0.34
总部	辣椒小炒肉	食用盐400g*60	3	3	1.5	克	0.01
总部	辣椒小炒肉	海天草菇老抽500ml*12	5	5	6.8	毫升	0.07
总部	辣椒小炒肉	莲花味精2000g*5	3	3	26	克	0.04
总部	辣椒小炒肉	大豆油	20	20	141	克	0.14
总部	辣椒小炒肉	李锦记蚝油6000ml	6	6	35	毫升	0.04
总部	桃江炖萝卜	白萝卜	850	850	1	克	1.7
总部	桃江炖萝卜	冻肥膘	50	50	6	克	0.6
总部	桃江炖萝卜	冻鸡油	50	50	6	克	0.6
总部	桃江炖萝卜	白糖	2	2	4	克	0.02
总部	桃江炖萝卜	枸杞	0.5	0.5	39	克	0.04
总部	桃江炖萝卜	家乐鸡精900g*10	5	5	20.51	克	0.11
总部	桃江炖萝卜	家乐鸡汁1000g*6	8	8	52.5	克	0.42
总部	桃江炖萝卜	食用盐400g*60	2	2	1.5	克	0.01
总部	桃江炖萝卜	莲花味精2000g*5	2	2	26	克	0.03
总部	浏阳黑山羊炖粉皮	生姜	50	50	2.51	克	0.25
总部	浏阳黑山羊炖粉皮	大蒜叶	10	10	2.2	克	0.04
总部	浏阳黑山羊炖粉皮	红薯粉	80	80	16	克	2.56
总部	浏阳黑山羊炖粉皮	冻肥膘	75	75	6	克	0.9
总部	浏阳黑山羊炖粉皮	枸杞	2	2	38.5	克	0.15
总部	浏阳黑山羊炖粉皮	白胡椒粒	8	8	56	克	0.9
总部	浏阳黑山羊炖粉皮	当归	3	3	46	克	0.28
总部	浏阳黑山羊炖粉皮	家乐鸡精900g*10	5	5	20.53	克	0.11
总部	浏阳黑山羊炖粉皮	食用盐400g*60	4	4	1.5	克	0.02
总部	浏阳黑山羊炖粉皮	莲花味精2000g*5	5	5	26	克	0.07
总部	浏阳黑山羊炖粉皮	原味黄野山椒节	50	50	20	克	2
总部	浏阳黑山羊炖粉皮	帅牌原味菜籽油20L	50	50	180	克	0.49
总部	浏阳黑山羊炖粉皮	羊肉	550	550	27	克	29.7
总部	浏阳黑山羊炖粉皮	重庆啤酒	20	20	31	毫升	0.1
总部	有机花菜钵	小米椒	6	6	6.5	克	0.08
总部	有机花菜钵	大蒜子	5	5	2.82	克	0.03
总部	有机花菜钵	有机花菜	500	500	3.5	克	3.5
总部	有机花菜钵	海天红烧酱油500ml*12	4	4	6.8	毫升	0.05
总部	有机花菜钵	食用盐400g*60	2	2	1.5	克	0.01
总部	有机花菜钵	家乐蒸鱼豉油2.35KG*6	6	6	25	克	0.06
总部	有机花菜钵	莲花味精2000g*5	2	2	26	克	0.03
总部	有机花菜钵	大豆油	50	50	141	克	0.35
总部	有机花菜钵	李锦记蚝油6000ml	4	4	35	毫升	0.03
总部	农家薯粉钵	大蒜叶	30	30	2.2	克	0.13
总部	农家薯粉钵	红薯粉	200	200	16	克	6.4
总部	农家薯粉钵	冻肥膘	50	50	6	克	0.6
总部	农家薯粉钵	肉泥	50	50	11.5	克	1.15
总部	农家薯粉钵	白胡椒粒	5	5	56	克	0.56
总部	农家薯粉钵	家乐鸡精900g*10	5	5	20.53	克	0.11
总部	农家薯粉钵	食用盐400g*60	3	3	1.5	克	0.01
总部	农家薯粉钵	海天草菇老抽500ml*12	6	6	6.8	毫升	0.08
总部	农家薯粉钵	家乐蒸鱼豉油2.35KG*6	15	15	25	克	0.16
总部	农家薯粉钵	莲花味精2000g*5	5	5	26	克	0.07
总部	团购热拌香肚丝	香菜	50	50	3	克	0.3
总部	团购热拌香肚丝	小米椒	20	20	6.5	克	0.26
总部	团购热拌香肚丝	生姜	10	10	2.84	克	0.06
总部	团购热拌香肚丝	大蒜子	25	25	3.51	克	0.18
总部	团购热拌香肚丝	冻肥膘	50	50	6	克	0.6
总部	团购热拌香肚丝	红辣椒粉	8	8	9.5	克	0.15
总部	团购热拌香肚丝	海天上等蚝油6000g*2	5	5	35	克	0.04
总部	团购热拌香肚丝	卤药	25	25	26	克	1.3
总部	团购热拌香肚丝	食用盐400g*60	1	1	1.5	克	0
总部	团购热拌香肚丝	义丰祥麻油350ml*20	8	8	7.5	克	0.17
总部	团购热拌香肚丝	冻猪肚	375	375	19	克	14.25
总部	团购热拌香肚丝	海天草菇老抽500ml*12	5	5	6.8	毫升	0.07
总部	团购热拌香肚丝	莲花味精2000g*5	2	2	26	克	0.03
总部	大蒜辣椒炒腊牛肉	小米椒	50	50	6.5	克	0.65
总部	大蒜辣椒炒腊牛肉	生姜	25	25	2.51	克	0.13
总部	大蒜辣椒炒腊牛肉	大蒜叶	120	120	2.2	克	0.53
总部	大蒜辣椒炒腊牛肉	大蒜子	50	50	2.82	克	0.28
总部	大蒜辣椒炒腊牛肉	黄野山椒粉	15	15	19	克	0.57
总部	大蒜辣椒炒腊牛肉	腊牛肉	150	150	67	克	20.1
总部	大蒜辣椒炒腊牛肉	海天上等蚝油6000g*2	5	5	35	克	0.04
总部	大蒜辣椒炒腊牛肉	家乐鸡精900g*10	5	5	20.53	克	0.11
总部	大蒜辣椒炒腊牛肉	食用盐400g*60	2	2	1.5	克	0.01
总部	大蒜辣椒炒腊牛肉	海天草菇老抽500ml*12	8	8	6.8	毫升	0.11
总部	大蒜辣椒炒腊牛肉	莲花味精2000g*5	5	5	26	克	0.07
总部	大蒜辣椒炒腊牛肉	大豆油	80	80	141	克	0.56
总部	攸县炒香干	小米椒	20	20	6.5	克	0.26
总部	攸县炒香干	大蒜叶	15	15	2.2	克	0.07
总部	攸县炒香干	大蒜子	30	30	2.82	克	0.17
总部	攸县炒香干	冻肥膘	30	30	6	克	0.36
总部	攸县炒香干	带皮五花肉	50	50	13	克	1.3
总部	攸县炒香干	白胡椒粒	5	5	56	克	0.56
总部	攸县炒香干	家乐鸡精900g*10	4	4	20.53	克	0.09
总部	攸县炒香干	食用盐400g*60	2	2	1.5	克	0.01
总部	攸县炒香干	德字香干	300	300	3.5	克	2.1
总部	攸县炒香干	海天草菇老抽500ml*12	5	5	6.8	毫升	0.07
总部	攸县炒香干	家乐蒸鱼豉油2.35KG*6	8	8	25	克	0.09
总部	攸县炒香干	莲花味精2000g*5	4	4	26	克	0.05
总部	攸县炒香干	大豆油	20	20	141	克	0.14
总部	攸县炒香干	李锦记锦珍生抽500ml	6	6	4.51	毫升	0.05
总部	攸县炒香干	李锦记蚝油6000ml	10	10	35	毫升	0.07
总部	干鱿鱼脆笋钵	生姜	10	10	2.51	克	0.05
总部	干鱿鱼脆笋钵	冻肥膘	75	75	6	克	0.9
总部	干鱿鱼脆笋钵	鲜筒子骨	100	100	11.5	克	2.3
总部	干鱿鱼脆笋钵	白胡椒粒	5	5	56	克	0.56
总部	干鱿鱼脆笋钵	家乐鸡精900g*10	5	5	20.53	克	0.11
总部	干鱿鱼脆笋钵	食用盐400g*60	3	3	1.5	克	0.01
总部	干鱿鱼脆笋钵	莲花味精2000g*5	5	5	26	克	0.07
总部	干鱿鱼脆笋钵	原味黄野山椒节	5	5	20	克	0.2
总部	干鱿鱼脆笋钵	手工脆笋丝	250	250	16.8	克	8.4
总部	锅仔鹿茸菇	小米椒	40	40	6.5	克	0.52
总部	锅仔鹿茸菇	大蒜子	20	20	2.82	克	0.11
总部	锅仔鹿茸菇	香葱	10	10	2.81	克	0.06
总部	锅仔鹿茸菇	芹菜	60	60	2.5	克	0.3
总部	锅仔鹿茸菇	冻肥膘	75	75	6	克	0.9
总部	锅仔鹿茸菇	花猪肉	100	100	12.8	克	2.56
总部	锅仔鹿茸菇	白胡椒粒	2	2	56	克	0.22
总部	锅仔鹿茸菇	海天上等蚝油6000g*2	10	10	35	克	0.07
总部	锅仔鹿茸菇	家乐鸡精900g*10	5	5	20.53	克	0.11
总部	锅仔鹿茸菇	食用盐400g*60	2	2	1.5	克	0.01
总部	锅仔鹿茸菇	海天草菇老抽500ml*12	8	8	6.8	毫升	0.11
总部	锅仔鹿茸菇	莲花味精2000g*5	5	5	26	克	0.07
总部	锅仔鹿茸菇	鹿茸菌	0.16	0.16	120	斤	19.2
总部	家常大盆鸡	生姜	100	100	2.51	克	0.5
总部	家常大盆鸡	大蒜子	15	15	2.82	克	0.08
总部	家常大盆鸡	螺丝椒	100	100	3	克	0.6
总部	家常大盆鸡	冻肥膘	75	75	6	克	0.9
总部	家常大盆鸡	花猪肉	75	75	12.8	克	1.92
总部	家常大盆鸡	黑脚鸡	650	650	1.5	克	1.95
总部	家常大盆鸡	白胡椒粒	5	5	56	克	0.56
总部	家常大盆鸡	食用盐400g*60	2	2	1.5	克	0.01
总部	家常大盆鸡	海天草菇老抽500ml*12	8	8	6.8	毫升	0.11
总部	家常大盆鸡	莲花味精2000g*5	5	5	26	克	0.07
总部	家常大盆鸡	原味黄野山椒节	5	5	20	克	0.2
总部	家常大盆鸡	李锦记锦珍生抽500ml	15	15	4.51	毫升	0.14
总部	家常大盆鸡	重庆啤酒	6	6	31	毫升	0.03
总部	藠头炒湘西腊肉	小米椒	40	40	6.5	克	0.52
总部	藠头炒湘西腊肉	藠头	450	450	3.8	克	3.42
总部	藠头炒湘西腊肉	冻肥膘	75	75	6	克	0.9
总部	藠头炒湘西腊肉	越南椒粉	10	10	9.52	克	0.19
总部	藠头炒湘西腊肉	湘西腊肉	180	180	28	克	10.08
总部	藠头炒湘西腊肉	海天上等蚝油6000g*2	8	8	35	克	0.06
总部	藠头炒湘西腊肉	家乐鸡精900g*10	5	5	20.53	克	0.11
总部	藠头炒湘西腊肉	食用盐400g*60	4	4	1.5	克	0.02
总部	藠头炒湘西腊肉	海天草菇老抽500ml*12	8	8	6.8	毫升	0.11
总部	藠头炒湘西腊肉	莲花味精2000g*5	5	5	26	克	0.07
总部	热拌香肚丝	香菜	50	50	3	克	0.3
总部	热拌香肚丝	小米椒	20	20	6.5	克	0.26
总部	热拌香肚丝	生姜	10	10	2.84	克	0.06
总部	热拌香肚丝	大蒜子	25	25	3.51	克	0.18
总部	热拌香肚丝	冻肥膘	50	50	6	克	0.6
总部	热拌香肚丝	红辣椒粉	8	8	9.5	克	0.15
总部	热拌香肚丝	卤药	25	25	26	克	1.3
总部	热拌香肚丝	食用盐400g*60	1	1	1.5	克	0
总部	热拌香肚丝	义丰祥麻油350ml*20	8	8	7.5	克	0.17
总部	热拌香肚丝	冻猪肚	375	375	19	克	14.25
总部	热拌香肚丝	海天草菇老抽500ml*12	5	5	6.8	毫升	0.07
总部	热拌香肚丝	莲花味精2000g*5	2	2	26	克	0.03
总部	热拌香肚丝	李锦记蚝油6000ml	5	5	35	毫升	0.04
总部	小炒黄牛肉	生姜	20	20	2.51	克	0.1
总部	小炒黄牛肉	大蒜子	40	40	2.82	克	0.23
总部	小炒黄牛肉	芹菜	120	120	2.5	克	0.6
总部	小炒黄牛肉	牛菱	200	200	36	克	14.4
总部	小炒黄牛肉	唐辣子剁辣椒10kg	50	50	110	克	0.55
总部	小炒黄牛肉	海天草菇老抽500ml*12	3	3	6.8	毫升	0.04
总部	小炒黄牛肉	帅牌原味菜籽油20L	70	70	180	克	0.68
总部	小炒黄牛肉	李锦记蚝油6000ml	10	10	35	毫升	0.07
总部	藠头炒高原莴笋	小米椒	30	30	6.5	克	0.39
总部	藠头炒高原莴笋	大蒜子	15	15	2.82	克	0.08
总部	藠头炒高原莴笋	藠头	200	200	3.8	克	1.52
总部	藠头炒高原莴笋	冻肥膘	75	75	6	克	0.9
总部	藠头炒高原莴笋	家乐鸡精900g*10	5	5	20.53	克	0.11
总部	藠头炒高原莴笋	食用盐400g*60	4	4	1.5	克	0.02
总部	藠头炒高原莴笋	莲花味精2000g*5	5	5	26	克	0.07
总部	藠头炒高原莴笋	大豆油	20	20	141	克	0.14
总部	藠头炒高原莴笋	莴笋	600	600	5.4	克	6.48
总部	苗家酸花甲	紫苏	15	15	3.5	克	0.11
总部	苗家酸花甲	青椒	130	130	4.5	克	1.17
总部	苗家酸花甲	生姜	30	30	2.51	克	0.15
总部	苗家酸花甲	大蒜子	30	30	2.82	克	0.17
总部	苗家酸花甲	香葱	10	10	2.81	克	0.06
总部	苗家酸花甲	食用盐400g*60	2	2	1.5	克	0.01
总部	苗家酸花甲	海天草菇老抽500ml*12	10	10	6.8	毫升	0.14
总部	苗家酸花甲	莲花味精2000g*5	2	2	26	克	0.03
总部	苗家酸花甲	花甲1*10	1	1	8.8	包	8.8
总部	苗家酸花甲	大豆油	50	50	141	克	0.35
总部	苗家酸花甲	金牌牛蛙酱	30	30	125	克	1.5
总部	翡翠炖腊排	小米椒	10	10	6.5	克	0.13
总部	翡翠炖腊排	生姜	15	15	2.51	克	0.08
总部	翡翠炖腊排	冻肥膘	75	75	6	克	0.9
总部	翡翠炖腊排	白胡椒粒	2	2	56	克	0.22
总部	翡翠炖腊排	家乐鸡精900g*10	5	5	20.53	克	0.11
总部	翡翠炖腊排	食用盐400g*60	2	2	1.5	克	0.01
总部	翡翠炖腊排	莲花味精2000g*5	5	5	26	克	0.07
总部	翡翠炖腊排	帅牌原味菜籽油20L	60	60	180	克	0.58
总部	翡翠炖腊排	干黄椒节	5	5	20	克	0.2
总部	翡翠炖腊排	莴笋	650	650	5.4	克	7.02
总部	翡翠炖腊排	腊排骨	150	150	28.8	克	8.64
总部	口味花甲王	紫苏	15	15	3.5	克	0.11
总部	口味花甲王	青椒	130	130	4.5	克	1.17
总部	口味花甲王	生姜	30	30	2.51	克	0.15
总部	口味花甲王	大蒜子	30	30	2.82	克	0.17
总部	口味花甲王	香葱	10	10	2.81	克	0.06
总部	口味花甲王	食用盐400g*60	2	2	1.5	克	0.01
总部	口味花甲王	海天草菇老抽500ml*12	10	10	6.8	毫升	0.14
总部	口味花甲王	莲花味精2000g*5	2	2	26	克	0.03
总部	口味花甲王	花甲1*10	1	1	8.8	包	8.8
总部	口味花甲王	大豆油	50	50	141	克	0.35
总部	口味花甲王	金牌牛蛙酱	30	30	125	克	1.5
总部	团购热卤牛肚	小米椒	50	50	6.5	克	0.65
总部	团购热卤牛肚	生姜	15	15	2.84	克	0.09
总部	团购热卤牛肚	大蒜子	15	15	3.51	克	0.11
总部	团购热卤牛肚	芹菜	150	150	2.5	克	0.75
总部	团购热卤牛肚	海天上等蚝油6000g*2	8	8	35	克	0.06
总部	团购热卤牛肚	家乐鸡精900g*10	5	5	20.5	克	0.11
总部	团购热卤牛肚	卤药	25	25	26	克	1.3
总部	团购热卤牛肚	食用盐400g*60	3	3	1.5	克	0.01
总部	团购热卤牛肚	海天草菇老抽500ml*12	6	6	6.8	毫升	0.08
总部	团购热卤牛肚	莲花味精2000g*5	5	5	26	克	0.07
总部	团购热卤牛肚	冻牛肚1*45	250	250	20	克	10
总部	团购热卤牛肚	大豆油	80	80	141	克	0.56
总部	永州血浆鸭	小米椒	15	15	6.5	克	0.2
总部	永州血浆鸭	生姜	20	20	2.51	克	0.1
总部	永州血浆鸭	大蒜子	30	30	2.82	克	0.17
总部	永州血浆鸭	香葱	2	2	2.81	克	0.01
总部	永州血浆鸭	洋葱	120	120	1.8	克	0.43
总部	永州血浆鸭	仔鸭	600	600	11	克	13.2
总部	永州血浆鸭	海天红烧酱油500ml*12	8	8	6.8	毫升	0.11
总部	永州血浆鸭	海天上等蚝油6000g*2	8	8	35	克	0.06
总部	永州血浆鸭	陴县红油豆瓣250g*40	15	15	2	克	0.12
总部	永州血浆鸭	原味黄野山椒节	10	10	20	克	0.4
总部	永州血浆鸭	帅牌原味菜籽油20L	50	50	180	克	0.49
总部	团购小炒黄牛肉	生姜	20	20	2.51	克	0.1
总部	团购小炒黄牛肉	大蒜子	40	40	2.82	克	0.23
总部	团购小炒黄牛肉	芹菜	120	120	2.5	克	0.6
总部	团购小炒黄牛肉	牛菱	200	200	36	克	14.4
总部	团购小炒黄牛肉	海天上等蚝油6000g*2	10	10	35	克	0.07
总部	团购小炒黄牛肉	唐辣子剁辣椒10kg	50	50	110	克	0.55
总部	团购小炒黄牛肉	海天草菇老抽500ml*12	3	3	6.8	毫升	0.04
总部	团购小炒黄牛肉	帅牌原味菜籽油20L	70	70	180	克	0.68
总部	团购口味花甲王	紫苏	15	15	3.5	克	0.11
总部	团购口味花甲王	青椒	130	130	4.5	克	1.17
总部	团购口味花甲王	生姜	30	30	2.51	克	0.15
总部	团购口味花甲王	大蒜子	30	30	2.82	克	0.17
总部	团购口味花甲王	香葱	10	10	2.81	克	0.06
总部	团购口味花甲王	食用盐400g*60	2	2	1.5	克	0.01
总部	团购口味花甲王	海天草菇老抽500ml*12	10	10	6.8	毫升	0.14
总部	团购口味花甲王	莲花味精2000g*5	2	2	26	克	0.03
总部	团购口味花甲王	花甲1*10	1	1	8.8	包	8.8
总部	团购口味花甲王	大豆油	50	50	141	克	0.35
总部	团购口味花甲王	金牌牛蛙酱	30	30	125	克	1.5
总部	团购酸汤牛蛙钵	白萝卜	200	200	1.05	克	0.42
总部	团购酸汤牛蛙钵	紫苏	15	15	3.5	克	0.11
总部	团购酸汤牛蛙钵	生姜	30	30	2.51	克	0.15
总部	团购酸汤牛蛙钵	大蒜子	40	40	2.82	克	0.23
总部	团购酸汤牛蛙钵	芹菜	50	50	2.5	克	0.25
总部	团购酸汤牛蛙钵	冻肥膘	80	80	6	克	0.96
总部	团购酸汤牛蛙钵	牛蛙	750	750	11.5	克	17.25
总部	团购酸汤牛蛙钵	白胡椒粒	3	3	56	克	0.34
总部	团购酸汤牛蛙钵	海天上等蚝油6000g*2	8	8	35	克	0.06
总部	团购酸汤牛蛙钵	家乐鸡精900g*10	5	5	20.53	克	0.11
总部	团购酸汤牛蛙钵	食用盐400g*60	3	3	1.5	克	0.01
总部	团购酸汤牛蛙钵	唐辣子剁辣椒10kg	20	20	110	克	0.22
总部	团购酸汤牛蛙钵	家乐蒸鱼豉油2.35KG*6	10	10	25	克	0.11
总部	团购酸汤牛蛙钵	莲花味精2000g*5	5	5	26	克	0.07
总部	团购酸汤牛蛙钵	泡红椒1*2.5kg	120	120	7	克	1.68
总部	团购霸王香辣鸭	生姜	20	20	2.51	克	0.1
总部	团购霸王香辣鸭	大蒜叶	50	50	2.2	克	0.22
总部	团购霸王香辣鸭	大蒜子	10	10	2.82	克	0.06
总部	团购霸王香辣鸭	去籽红干椒节	80	80	11	克	1.76
总部	团购霸王香辣鸭	孜然粉	5	5	16.5	克	0.17
总部	团购霸王香辣鸭	干花椒籽	10	10	58	克	1.16
总部	团购霸王香辣鸭	红辣椒粉	10	10	9.5	克	0.19
总部	团购霸王香辣鸭	卤药	25	25	26	克	1.3
总部	团购霸王香辣鸭	义丰祥麻油350ml*20	10	10	7.5	克	0.22
总部	团购霸王香辣鸭	黎红花椒油400ml*12	5	5	13.5	克	0.17
总部	团购霸王香辣鸭	莲花味精2000g*5	2	2	26	克	0.03
总部	团购霸王香辣鸭	红皮花生米	50	50	5	克	0.5
总部	团购霸王香辣鸭	大豆油	60	60	141	克	0.42
总部	团购霸王香辣鸭	鸭腿	900	900	5	克	9
总部	团购剁椒蒸毛芋	毛芋头(光）	300	300	2.99	克	1.79
总部	团购剁椒蒸毛芋	大红椒	15	15	4	克	0.12
总部	团购剁椒蒸毛芋	小米椒	10	10	6.5	克	0.13
总部	团购剁椒蒸毛芋	香葱	6	6	2.8	克	0.03
总部	团购剁椒蒸毛芋	冻肥膘	50	50	6	克	0.6
总部	团购剁椒蒸毛芋	食用盐400g*60	1	1	1.5	克	0
总部	团购剁椒蒸毛芋	唐辣子剁辣椒10kg	4	4	110	克	0.04
总部	团购剁椒蒸毛芋	家乐蒸鱼豉油2.35KG*6	15	15	25	克	0.16
总部	团购剁椒蒸毛芋	莲花味精2000g*5	1	1	26	克	0.01
总部	团购剁椒蒸毛芋	津山口福猛辣剁椒10KG	15	15	130	克	0.2
总部	团购肉饼蒸水蛋	香葱	10	10	2.8	克	0.06
总部	团购肉饼蒸水蛋	去皮马蹄	20	20	12	克	0.48
总部	团购肉饼蒸水蛋	冻肥膘	15	15	6	克	0.18
总部	团购肉饼蒸水蛋	肉泥	100	100	11.5	克	2.3
总部	团购肉饼蒸水蛋	鸡蛋1*420	4	4	273	个	2.6
总部	团购肉饼蒸水蛋	家乐鸡精900g*10	5	5	20.51	克	0.11
总部	团购肉饼蒸水蛋	食用盐400g*60	3	3	1.5	克	0.01
总部	团购肉饼蒸水蛋	家乐蒸鱼豉油2.35KG*6	5	5	25	克	0.05
总部	团购九制洞香肉	青椒	50	50	4.5	克	0.45
总部	团购九制洞香肉	生姜	5	5	3	克	0.03
总部	团购九制洞香肉	大蒜子	6	6	3.51	克	0.04
总部	团购九制洞香肉	香葱	3	3	2.8	克	0.02
总部	团购九制洞香肉	带皮五花肉	600	600	13	克	15.6
总部	团购九制洞香肉	越南椒粉	20	20	9.5	克	0.38
总部	团购九制洞香肉	老一品豆豉180g*30	8	8	4	克	0.18
总部	团购九制洞香肉	食用盐400g*60	1	1	1.5	克	0
总部	团购九制洞香肉	海天草菇老抽500ml*12	15	15	6.8	毫升	0.2
总部	团购九制洞香肉	莲花味精2000g*5	3	3	26	克	0.04
总部	团购九制洞香肉	大豆油	30	30	141	克	0.21
总部	团购九制洞香肉	李锦记锦珍生抽500ml	25	25	4.5	毫升	0.23
总部	团购湘西腊牛肉	生姜	2	2	3	克	0.01
总部	团购湘西腊牛肉	大蒜子	2	2	3.51	克	0.01
总部	团购湘西腊牛肉	香葱	2	2	2.8	克	0.01
总部	团购湘西腊牛肉	红辣椒粉	2	2	9.5	克	0.04
总部	团购湘西腊牛肉	腊牛肉	150	150	67	克	20.1
总部	团购湘西腊牛肉	家乐鸡精900g*10	2	2	20.51	克	0.05
总部	团购湘西腊牛肉	老一品豆豉180g*30	2	2	4	克	0.04
总部	团购湘西腊牛肉	莲花味精2000g*5	1	1	26	克	0.01
总部	团购湘西腊牛肉	帅牌原味菜籽油20L	20	20	180	克	0.19
总部	团购香芋蒸排骨	香葱	3	3	2.8	克	0.02
总部	团购香芋蒸排骨	冻肥膘	100	100	6	克	1.2
总部	团购香芋蒸排骨	仔排	120	120	21	克	5.04
总部	团购香芋蒸排骨	白糖	5	5	4	克	0.04
总部	团购香芋蒸排骨	超级生粉	8	8	9.52	克	0.15
总部	团购香芋蒸排骨	鸡蛋1*420	1	1	273	个	0.65
总部	团购香芋蒸排骨	食用盐400g*60	2	2	1.5	克	0.01
总部	团购香芋蒸排骨	莲花味精2000g*5	2	2	26	克	0.03
总部	团购香芋蒸排骨	大豆油	30	30	141	克	0.21
总部	团购香芋蒸排骨	香芋粒1*2.5kg	250	250	50	克	5
总部	团购清炒鲜时蔬	白菜苔	500	500	2.5	克	2.5
总部	团购清炒鲜时蔬	冻肥膘	50	50	6	克	0.6
总部	团购清炒鲜时蔬	食用盐400g*60	10	10	1.5	克	0.04
总部	团购野菌排骨汤	生姜	8	8	3	克	0.05
总部	团购野菌排骨汤	香葱	5	5	2.8	克	0.03
总部	团购野菌排骨汤	龙骨	200	200	11.5	克	4.6
总部	团购野菌排骨汤	白糖	1	1	4	克	0.01
总部	团购野菌排骨汤	食用盐400g*60	3	3	1.5	克	0.01
总部	团购野菌排骨汤	莲花味精2000g*5	3	3	26	克	0.04
总部	团购野菌排骨汤	真姬菇	200	200	7.97	克	3.19
总部	野菌排骨汤	生姜	8	8	3	克	0.05
总部	野菌排骨汤	香葱	5	5	2.8	克	0.03
总部	野菌排骨汤	龙骨	200	200	11.5	克	4.6
总部	野菌排骨汤	白糖	1	1	4	克	0.01
总部	野菌排骨汤	食用盐400g*60	3	3	1.5	克	0.01
总部	野菌排骨汤	莲花味精2000g*5	3	3	26	克	0.04
总部	野菌排骨汤	真姬菇	200	200	7.97	克	3.19
总部	团购老卤香鸭头	白糖	2	2	4	克	0.02
总部	团购老卤香鸭头	红曲米	2	2	4.8	克	0.02
总部	团购老卤香鸭头	家乐鸡精900g*10	2	2	20.5	克	0.05
总部	团购老卤香鸭头	卤药	10	10	26	克	0.52
总部	团购老卤香鸭头	食用盐400g*60	2	2	1.5	克	0.01
总部	团购老卤香鸭头	家乐蒸鱼豉油2.35KG*6	10	10	25	克	0.11
总部	团购老卤香鸭头	莲花味精2000g*5	2	2	26	克	0.03
总部	团购老卤香鸭头	原味黄野山椒节	3	3	20	克	0.12
总部	团购老卤香鸭头	大豆油	25	25	141	克	0.18
总部	团购老卤香鸭头	李锦记锦珍生抽500ml	10	10	4.5	毫升	0.09
总部	团购老卤香鸭头	鸭头	1	1	24	个	2.67
总部	团购热卤四合一	大蒜子	5	5	3.51	克	0.04
总部	团购热卤四合一	牛菱	80	80	36	克	5.76
总部	团购热卤四合一	红辣椒粉	8	8	9.5	克	0.15
总部	团购热卤四合一	海天红烧酱油500ml*12	10	10	6.82	毫升	0.14
总部	团购热卤四合一	义丰祥麻油350ml*20	5	5	7.5	克	0.11
总部	团购热卤四合一	捆鸡	140	140	4.6	克	1.29
总部	团购热卤四合一	冻牛肚1*45	100	100	20	克	4
总部	团购热卤四合一	大豆油	40	40	141	克	0.28
总部	团购热卤四合一	韭菜	70	70	3.81	克	0.53
总部	团购香烤猪手	香葱	2	2	2.8	克	0.01
总部	团购香烤猪手	鲜猪手	1	1	13.5	边	6.75
总部	团购香烤猪手	红辣椒面	2	2	18	克	0.07
总部	团购香烤猪手	大豆油	5	5	141	克	0.04
总部	团购老卤香猪手	生姜	10	10	2.84	克	0.06
总部	团购老卤香猪手	香葱	10	10	2.86	克	0.06
总部	团购老卤香猪手	洋葱	10	10	2.5	克	0.05
总部	团购老卤香猪手	鲜猪手	2	2	13.5	边	13.5
总部	团购老卤香猪手	白糖	3	3	4	克	0.02
总部	团购老卤香猪手	红曲米	5	5	4.8	克	0.05
总部	团购老卤香猪手	红辣椒粉	5	5	9.5	克	0.1
总部	团购老卤香猪手	家乐鸡精900g*10	2	2	20.5	克	0.05
总部	团购老卤香猪手	卤药	10	10	26	克	0.52
总部	团购老卤香猪手	食用盐400g*60	2	2	1.5	克	0.01
总部	团购老卤香猪手	家乐蒸鱼豉油2.35KG*6	10	10	25	克	0.11
总部	团购老卤香猪手	莲花味精2000g*5	2	2	26	克	0.03
总部	团购老卤香猪手	原味黄野山椒节	2	2	20	克	0.08
总部	团购老卤香猪手	大豆油	50	50	141	克	0.35
总部	团购老卤香猪手	李锦记锦珍生抽500ml	10	10	4.5	毫升	0.09
总部	团购臭豆腐/4片	小米椒	5	5	6.6	克	0.07
总部	团购臭豆腐/4片	大蒜子	5	5	3.52	克	0.04
总部	团购臭豆腐/4片	香葱	5	5	2.77	克	0.03
总部	团购臭豆腐/4片	臭豆腐	4	4	0.34	片	1.36
总部	团购臭豆腐/4片	红辣椒粉	5	5	9.61	克	0.1
总部	团购臭豆腐/4片	食用盐400g*60	2	2	1.53	克	0.01
总部	团购臭豆腐/4片	义丰祥麻油350ml*20	2	2	7.54	克	0.04
总部	团购臭豆腐/4片	莲花味精2000g*5	3	3	26	克	0.04
总部	团购臭豆腐/4片	大豆油	20	20	141	克	0.14
总部	团购臭豆腐/4片	李锦记锦珍生抽500ml	5	5	4.51	毫升	0.05
总部	团购糖饺子/3个	白糖	9	9	4	克	0.07
总部	团购糖饺子/3个	上海澄面454g*40	30	30	4.65	克	0.31
总部	团购糖饺子/3个	太古糖粉	5	5	9	克	0.09
总部	团购糖饺子/3个	小苏打	0.23	0.23	5.51	克	0.01
总部	团购糖饺子/3个	宁波水洗糯米粉850g*20	55	55	8	克	0.52
总部	团购糖饺子/3个	大豆油	6.5	6.5	141	克	0.05
总部	团购青柠雪碧	海南青柠檬（斤）	90	90	11	克	1.98
总部	团购青柠雪碧	厅雪碧	1	1	1.88	厅	1.88
总部	团购柠檬可乐	海南青柠檬（斤）	30	30	11	克	0.66
总部	团购柠檬可乐	可乐	500	500	1.88	克	1.88
总部	团购疯狂鸡翅2个/串	香葱	10	10	2.8	克	0.06
总部	团购疯狂鸡翅2个/串	红辣椒面	10	10	18	克	0.36
总部	团购疯狂鸡翅2个/串	孜然粉	8	8	16.5	克	0.26
总部	团购疯狂鸡翅2个/串	永达翅中1KG	2	2	49	个	4.08
总部	团购疯狂鸡翅2个/串	莲花味精2000g*5	2	2	26	克	0.03
总部	团购疯狂鸡翅2个/串	川香麻辣腌酱2kg*6（烧烤酱料）	5	5	50	克	0.02
总部	团购疯狂鸡翅2个/串	大豆油	30	30	141	克	0.21
总部	团购自制绿豆沙	白糖	35	35	4	克	0.28
总部	团购自制绿豆沙	绿豆	80	80	6.8	克	1.09
总部	团购养生红枣汁	卿卿雨阿胶枣	100	100	4.5	克	1.5
总部	团购全橙热恋	白糖	20	20	4	克	0.16
总部	团购全橙热恋	橙子	125	125	8	克	2
总部	团购全橙热恋	斯唛牌茉莉香片	1	1	43	克	0.09
总部	团购全橙热恋	香橙果泥	60	60	35	克	2.1
总部	团购白米香饭	益香米15KG	100	100	124.51	克	0.83
总部	团购汽锅蛋饺香	生姜	20	20	3	克	0.12
总部	团购汽锅蛋饺香	香葱	2	2	2.8	克	0.01
总部	团购汽锅蛋饺香	去皮马蹄	50	50	12	克	1.2
总部	团购汽锅蛋饺香	鲜玉米	150	150	3	克	0.9
总部	团购汽锅蛋饺香	肉泥	150	150	11.5	克	3.45
总部	团购汽锅蛋饺香	大排	100	100	14.53	克	2.91
总部	团购汽锅蛋饺香	鸡蛋1*420	1	1	273	个	0.65
总部	团购汽锅蛋饺香	白胡椒粒	2	2	56	克	0.22
总部	团购汽锅蛋饺香	家乐鸡精900g*10	2	2	20.51	克	0.05
总部	团购汽锅蛋饺香	食用盐400g*60	2	2	1.5	克	0.01
总部	团购汽锅蛋饺香	黄油老母鸡	150	150	13.5	克	4.05
总部	团购汽锅蛋饺香	莲花味精2000g*5	3	3	26	克	0.04
总部	团购汽锅蛋饺香	大豆油	30	30	141	克	0.21
总部	团购辣椒小炒肉	大蒜子	20	20	2.82	克	0.11
总部	团购辣椒小炒肉	螺丝椒	250	250	3	克	1.5
总部	团购辣椒小炒肉	冻肥膘	80	80	6	克	0.96
总部	团购辣椒小炒肉	后腿瘦肉	180	180	13.5	克	4.86
总部	团购辣椒小炒肉	海天上等蚝油6000g*2	6	6	35	克	0.04
总部	团购辣椒小炒肉	老一品豆豉180g*30	25	25	4	克	0.56
总部	团购辣椒小炒肉	食用盐400g*60	4	4	1.5	克	0.02
总部	团购辣椒小炒肉	海天草菇老抽500ml*12	5	5	6.8	毫升	0.07
总部	团购辣椒小炒肉	莲花味精2000g*5	3	3	26	克	0.04
总部	团购桃江炖萝卜	白萝卜	850	850	1	克	1.7
总部	团购桃江炖萝卜	冻肥膘	50	50	6	克	0.6
总部	团购桃江炖萝卜	冻鸡油	50	50	6	克	0.6
总部	团购桃江炖萝卜	白糖	2	2	4	克	0.02
总部	团购桃江炖萝卜	枸杞	0.5	0.5	39	克	0.04
总部	团购桃江炖萝卜	家乐鸡精900g*10	5	5	20.51	克	0.11
总部	团购桃江炖萝卜	家乐鸡汁1000g*6	8	8	52.5	克	0.42
总部	团购桃江炖萝卜	食用盐400g*60	2	2	1.5	克	0.01
总部	团购桃江炖萝卜	莲花味精2000g*5	2	2	26	克	0.03
总部	团购有机花菜钵	小米椒	6	6	6.5	克	0.08
总部	团购有机花菜钵	大蒜子	5	5	2.82	克	0.03
总部	团购有机花菜钵	有机花菜	500	500	3.5	克	3.5
总部	团购有机花菜钵	海天红烧酱油500ml*12	4	4	6.8	毫升	0.05
总部	团购有机花菜钵	食用盐400g*60	2	2	1.5	克	0.01
总部	团购有机花菜钵	家乐蒸鱼豉油2.35KG*6	6	6	25	克	0.06
总部	团购有机花菜钵	莲花味精2000g*5	2	2	26	克	0.03
总部	团购有机花菜钵	大豆油	50	50	141	克	0.35
总部	团购有机花菜钵	李锦记蚝油6000ml	0	0	35	毫升	0
总部	团购藠头炒湘西腊肉	小米椒	40	40	6.5	克	0.52
总部	团购藠头炒湘西腊肉	藠头	450	450	3.8	克	3.42
总部	团购藠头炒湘西腊肉	冻肥膘	75	75	6	克	0.9
总部	团购藠头炒湘西腊肉	越南椒粉	10	10	9.52	克	0.19
总部	团购藠头炒湘西腊肉	湘西腊肉	180	180	28	克	10.08
总部	团购藠头炒湘西腊肉	海天上等蚝油6000g*2	8	8	35	克	0.06
总部	团购藠头炒湘西腊肉	家乐鸡精900g*10	5	5	20.53	克	0.11
总部	团购藠头炒湘西腊肉	食用盐400g*60	4	4	1.5	克	0.02
总部	团购藠头炒湘西腊肉	海天草菇老抽500ml*12	8	8	6.8	毫升	0.11
总部	团购藠头炒湘西腊肉	莲花味精2000g*5	5	5	26	克	0.07
总部	团购锅仔鹿茸菇	小米椒	40	40	6.5	克	0.52
总部	团购锅仔鹿茸菇	大蒜子	20	20	2.82	克	0.11
总部	团购锅仔鹿茸菇	香葱	10	10	2.81	克	0.06
总部	团购锅仔鹿茸菇	芹菜	60	60	2.5	克	0.3
总部	团购锅仔鹿茸菇	冻肥膘	75	75	6	克	0.9
总部	团购锅仔鹿茸菇	花猪肉	100	100	12.8	克	2.56
总部	团购锅仔鹿茸菇	白胡椒粒	2	2	56	克	0.22
总部	团购锅仔鹿茸菇	家乐鸡精900g*10	5	5	20.53	克	0.11
总部	团购锅仔鹿茸菇	食用盐400g*60	2	2	1.5	克	0.01
总部	团购锅仔鹿茸菇	海天草菇老抽500ml*12	8	8	6.8	毫升	0.11
总部	团购锅仔鹿茸菇	鹿茸菌	0.16	0.16	120	斤	19.2
总部	团购锅仔鹿茸菇	李锦记锦珍生抽500ml	10	10	4.51	毫升	0.09
总部	团购大蒜辣椒炒腊牛肉5	小米椒	50	50	6.5	克	0.65
总部	团购大蒜辣椒炒腊牛肉5	生姜	25	25	2.51	克	0.13
总部	团购大蒜辣椒炒腊牛肉5	大蒜叶	120	120	2.2	克	0.53
总部	团购大蒜辣椒炒腊牛肉5	大蒜子	50	50	2.82	克	0.28
总部	团购大蒜辣椒炒腊牛肉5	黄野山椒粉	15	15	19	克	0.57
总部	团购大蒜辣椒炒腊牛肉5	腊牛肉	150	150	67	克	20.1
总部	团购大蒜辣椒炒腊牛肉5	海天上等蚝油6000g*2	5	5	35	克	0.04
总部	团购大蒜辣椒炒腊牛肉5	家乐鸡精900g*10	5	5	20.53	克	0.11
总部	团购大蒜辣椒炒腊牛肉5	食用盐400g*60	2	2	1.5	克	0.01
总部	团购大蒜辣椒炒腊牛肉5	海天草菇老抽500ml*12	8	8	6.8	毫升	0.11
总部	团购大蒜辣椒炒腊牛肉5	莲花味精2000g*5	5	5	26	克	0.07
总部	团购大蒜辣椒炒腊牛肉5	大豆油	80	80	141	克	0.56
总部	团购家常大盆鸡	生姜	100	100	2.51	克	0.5
总部	团购家常大盆鸡	大蒜子	15	15	2.82	克	0.08
总部	团购家常大盆鸡	螺丝椒	100	100	3	克	0.6
总部	团购家常大盆鸡	冻肥膘	75	75	6	克	0.9
总部	团购家常大盆鸡	花猪肉	75	75	12.8	克	1.92
总部	团购家常大盆鸡	黑脚鸡	650	650	1.5	克	1.95
总部	团购家常大盆鸡	白胡椒粒	5	5	56	克	0.56
总部	团购家常大盆鸡	红星二锅头500ml*12	6	6	7.5	毫升	0.09
总部	团购家常大盆鸡	食用盐400g*60	2	2	1.5	克	0.01
总部	团购家常大盆鸡	海天草菇老抽500ml*12	8	8	6.8	毫升	0.11
总部	团购家常大盆鸡	莲花味精2000g*5	5	5	26	克	0.07
总部	团购家常大盆鸡	原味黄野山椒节	5	5	20	克	0.2
总部	团购家常大盆鸡	李锦记锦珍生抽500ml	15	15	4.51	毫升	0.14
总部	团购邵阳血浆鸭	小米椒	8	8	6.5	克	0.1
总部	团购邵阳血浆鸭	生姜	50	50	2.51	克	0.25
总部	团购邵阳血浆鸭	大蒜子	30	30	2.82	克	0.17
总部	团购邵阳血浆鸭	香葱	2	2	2.81	克	0.01
总部	团购邵阳血浆鸭	洋葱	120	120	1.8	克	0.43
总部	团购邵阳血浆鸭	仔鸭	600	600	11	克	13.2
总部	团购邵阳血浆鸭	海天上等蚝油6000g*2	5	5	35	克	0.04
总部	团购邵阳血浆鸭	俾县红油豆瓣	15	15	2	克	0.09
总部	团购邵阳血浆鸭	海天草菇老抽500ml*12	5	5	6.8	毫升	0.07
总部	团购邵阳血浆鸭	原味黄野山椒节	10	10	20	克	0.4
总部	团购邵阳血浆鸭	大豆油	30	30	141	克	0.21
总部	团购邵阳血浆鸭	帅牌原味菜籽油20L	50	50	180	克	0.49
总部	虎牌晶纯550ml	550虎牌晶纯	1	1	4.75	瓶	4.75
总部	喜力	500ml喜力	1	1	7.08	瓶	7.08
总部	百威580ml	580ml百威	1	1	4.83	瓶	4.83
总部	45度古井陈酿150ml	45度150ml古井陈酿	1	1	9	瓶	9
总部	石库门红标	石库门红标	1	1	0	瓶	0
总部	古越龙山5年陈	古越龙山5年陈	1	1	0	瓶	0
总部	和酒金色年华5年	和酒金色年华5年	1	1	0	瓶	0
总部	古越龙山青花瓷8年	古越龙山青瓷8年	1	1	0	瓶	0
总部	华夏长城干红	华夏长城干红	1	1	0	瓶	0
总部	澳洲阳光干红	澳洲阳光干红	1	1	68	瓶	68
总部	52度小糊涂仙250ml	52度250ml小糊涂仙	1	1	59	瓶	59
总部	杰卡斯梅洛干红	杰卡斯梅洛干红	1	1	0	瓶	0
总部	张裕解百纳	张裕解百纳	1	1	118	瓶	118
总部	加多宝凉茶310ml	310ml加多宝凉茶	1	1	2.14	厅	2.14
总部	可口可乐310ml	310ml听可口可乐	1	1	1.79	厅	1.79
总部	雪碧310ml	310ml听雪碧	1	1	1.79	厅	1.79
总部	农家薯粉钵	大蒜叶	30	30	3.4	克	0.2
总部	农家薯粉钵	红薯粉	200	200	16	克	6.4
总部	农家薯粉钵	冻肥膘	50	50	6	克	0.6
总部	农家薯粉钵	肉泥	50	50	12	克	1.2
总部	农家薯粉钵	白胡椒粉	5	5	36.33	克	0.36
总部	农家薯粉钵	家乐鸡精900g*10	5	5	20.5	克	0.11
总部	农家薯粉钵	老一品豆豉180g*30	15	15	4	克	0.33
总部	农家薯粉钵	食用盐400g*60	3	3	0.5	克	0
总部	农家薯粉钵	海天草菇老抽500ml*12	6	6	6.8	毫升	0.08
总部	农家薯粉钵	莲花味精2000g*5	5	5	26	克	0.07
总部	桃江炖萝卜	白萝卜	850	850	1	克	1.7
总部	桃江炖萝卜	冻肥膘	50	50	6	克	0.6
总部	桃江炖萝卜	冻鸡油	50	50	5.5	克	0.55
总部	桃江炖萝卜	白糖	2	2	3.87	克	0.02
总部	桃江炖萝卜	枸杞	0.5	0.5	31.5	克	0.03
总部	桃江炖萝卜	家乐鸡精900g*10	5	5	20.5	克	0.11
总部	桃江炖萝卜	家乐鸡汁1000g*6	8	8	54.17	克	0.43
总部	桃江炖萝卜	食用盐400g*60	2	2	0.5	克	0
总部	桃江炖萝卜	莲花味精2000g*5	2	2	26	克	0.03
总部	有机花菜钵	小米椒	6	6	10	克	0.12
总部	有机花菜钵	大蒜子	5	5	4	克	0.04
总部	有机花菜钵	有机花菜	500	500	3.5	克	3.5
总部	有机花菜钵	海天红烧酱油500ml*12	4	4	6.25	毫升	0.05
总部	有机花菜钵	老一品豆豉180g*30	6	6	4	克	0.13
总部	有机花菜钵	食用盐400g*60	2	2	0.5	克	0
总部	有机花菜钵	莲花味精2000g*5	2	2	26	克	0.03
总部	有机花菜钵	大豆油	50	50	104.5	克	0.26
总部	有机花菜钵	李锦记蚝油6000ml	4	4	35	毫升	0.02
总部	湘莲排骨汤	生姜	2	2	3.15	克	0.01
总部	湘莲排骨汤	仔排	50	50	15.5	克	1.55
总部	湘莲排骨汤	白胡椒粉	0.5	0.5	36.33	克	0.04
总部	湘莲排骨汤	枸杞	0.5	0.5	31.5	克	0.03
总部	湘莲排骨汤	家乐鸡精900g*10	0.5	0.5	20.5	克	0.01
总部	湘莲排骨汤	食用盐400g*60	2	2	0.5	克	0
总部	湘莲排骨汤	湘莲	15	15	28	克	0.84
总部	湘莲排骨汤	绍兴花雕酒600ml	15	15	5	克	0.13
总部	湘莲排骨汤	双桥味精2.5kg	2	2	36	克	0.03
总部	老卤凤爪	袋装L凤爪1*12包	1	1	11	个	0.55
总部	老卤凤爪	大豆油	5	5	104.5	克	0.03
总部	辣椒小炒肉	大蒜子	20	20	4	克	0.16
总部	辣椒小炒肉	螺丝椒	250	250	5.9	克	2.95
总部	辣椒小炒肉	冻肥膘	50	50	6	克	0.6
总部	辣椒小炒肉	带皮五花肉	150	150	13.9	克	4.17
总部	辣椒小炒肉	后腿瘦肉	120	120	14	克	3.36
总部	辣椒小炒肉	海天上等蚝油6000g*2	6	6	35	克	0.04
总部	辣椒小炒肉	老一品豆豉180g*30	15	15	4	克	0.33
总部	辣椒小炒肉	食用盐400g*60	3	3	0.5	克	0
总部	辣椒小炒肉	海天草菇老抽500ml*12	5	5	6.8	毫升	0.07
总部	辣椒小炒肉	莲花味精2000g*5	3	3	26	克	0.04
总部	辣椒小炒肉	大豆油	20	20	104.5	克	0.1
总部	湘味水芹菜	大蒜子	5	5	4	克	0.04
总部	湘味水芹菜	冻肥膘	100	100	6	克	1.2
总部	湘味水芹菜	去籽红干椒节	5	5	11	克	0.11
总部	湘味水芹菜	老一品豆豉180g*30	5	5	4	克	0.11
总部	湘味水芹菜	食用盐400g*60	10	10	0.5	克	0.01
总部	湘味水芹菜	家乐蒸鱼豉油2.35KG*6	5	5	24.67	克	0.05
总部	湘味水芹菜	莲花味精2000g*5	10	10	26	克	0.13
总部	湘味水芹菜	水芹菜	600	600	2.5	克	3
总部	老卤香鸭头	白糖	2	2	3.87	克	0.02
总部	老卤香鸭头	红曲米	2	2	5.6	克	0.02
总部	老卤香鸭头	家乐鸡精900g*10	2	2	20.5	克	0.05
总部	老卤香鸭头	卤药	10	10	26	克	0.52
总部	老卤香鸭头	食用盐400g*60	2	2	0.5	克	0
总部	老卤香鸭头	家乐蒸鱼豉油2.35KG*6	10	10	24.67	克	0.11
总部	老卤香鸭头	莲花味精2000g*5	2	2	26	克	0.03
总部	老卤香鸭头	原味黄野山椒节	3	3	18	克	0.11
总部	老卤香鸭头	大豆油	25	25	104.5	克	0.13
总部	老卤香鸭头	李锦记锦珍生抽500ml	10	10	4.5	毫升	0.09
总部	老卤香鸭头	鸭头	1	1	12	个	1.33
总部	永州血浆鸭	小米椒	15	15	10	克	0.3
总部	永州血浆鸭	生姜	20	20	3.15	克	0.13
总部	永州血浆鸭	大蒜子	30	30	4	克	0.24
总部	永州血浆鸭	香葱	2	2	4.75	克	0.02
总部	永州血浆鸭	洋葱	120	120	1.5	克	0.36
总部	永州血浆鸭	仔鸭	600	600	5.7	克	6.84
总部	永州血浆鸭	海天红烧酱油500ml*12	8	8	6.25	毫升	0.1
总部	永州血浆鸭	海天上等蚝油6000g*2	8	8	35	克	0.05
总部	永州血浆鸭	陴县红油豆瓣250g*40	15	15	2	克	0.12
总部	永州血浆鸭	原味黄野山椒节	10	10	18	克	0.36
总部	永州血浆鸭	大豆油	30	30	104.5	克	0.16
总部	永州血浆鸭	帅牌原味菜籽油20L	50	50	180	克	0.49
总部	武冈卤香干	香菜	15	15	5.35	克	0.16
总部	武冈卤香干	大蒜子	8	8	4	克	0.06
总部	武冈卤香干	义丰祥麻油350ml*20	8	8	3.75	克	0.09
总部	武冈卤香干	武冈卤香干500g*34	125	125	11.04	克	2.76
总部	武冈卤香干	莲花味精2000g*5	1	1	26	克	0.01
总部	武冈卤香干	津山口福猛辣剁椒10KG	15	15	104	克	0.16
总部	武冈卤香干	大豆油	10	10	104.5	克	0.05
总部	小炒黄牛肉	生姜	20	20	3.15	克	0.13
总部	小炒黄牛肉	大蒜子	40	40	4	克	0.32
总部	小炒黄牛肉	芹菜	120	120	3	克	0.72
总部	小炒黄牛肉	牛菱	250	250	33.5	克	16.75
总部	小炒黄牛肉	唐辣子剁辣椒10kg	50	50	110	克	0.55
总部	小炒黄牛肉	海天草菇老抽500ml*12	3	3	6.8	毫升	0.04
总部	小炒黄牛肉	帅牌原味菜籽油20L	70	70	180	克	0.68
总部	小炒黄牛肉	李锦记蚝油6000ml	10	10	35	毫升	0.06
总部	热卤四合一	大蒜子	5	5	4	克	0.04
总部	热卤四合一	牛菱	80	80	33.5	克	5.36
总部	热卤四合一	红辣椒粉	8	8	9.17	克	0.15
总部	热卤四合一	海天红烧酱油500ml*12	10	10	6.25	毫升	0.13
总部	热卤四合一	义丰祥麻油350ml*20	5	5	3.75	克	0.05
总部	热卤四合一	捆鸡	140	140	4.5	克	1.26
总部	热卤四合一	冻牛肚1*45	100	100	20.5	克	4.1
总部	热卤四合一	大豆油	40	40	104.5	克	0.21
总部	热卤四合一	韭菜	70	70	4.25	克	0.6
总部	酸汤煮花甲	紫苏	15	15	4.5	克	0.14
总部	酸汤煮花甲	青椒	130	130	4.15	克	1.08
总部	酸汤煮花甲	生姜	30	30	3.15	克	0.19
总部	酸汤煮花甲	大蒜子	30	30	4	克	0.24
总部	酸汤煮花甲	香葱	10	10	4.75	克	0.1
总部	酸汤煮花甲	食用盐400g*60	2	2	0.5	克	0
总部	酸汤煮花甲	海天草菇老抽500ml*12	10	10	6.8	毫升	0.14
总部	酸汤煮花甲	莲花味精2000g*5	2	2	26	克	0.03
总部	酸汤煮花甲	花甲1*10	1	1	8.8	包	8.8
总部	酸汤煮花甲	大豆油	50	50	104.5	克	0.26
总部	酸汤煮花甲	金牌牛蛙酱	30	30	125	克	1.5
总部	老卤香猪手	生姜	10	10	3.15	克	0.06
总部	老卤香猪手	香葱	10	10	4.75	克	0.1
总部	老卤香猪手	洋葱	10	10	1.5	克	0.03
总部	老卤香猪手	鲜猪手	2	2	13.5	边	13.5
总部	老卤香猪手	白糖	3	3	3.87	克	0.02
总部	老卤香猪手	红曲米	5	5	5.6	克	0.06
总部	老卤香猪手	红辣椒粉	5	5	9.17	克	0.09
总部	老卤香猪手	家乐鸡精900g*10	2	2	20.5	克	0.05
总部	老卤香猪手	卤药	10	10	26	克	0.52
总部	老卤香猪手	食用盐400g*60	2	2	0.5	克	0
总部	老卤香猪手	家乐蒸鱼豉油2.35KG*6	10	10	24.67	克	0.11
总部	老卤香猪手	莲花味精2000g*5	2	2	26	克	0.03
总部	老卤香猪手	原味黄野山椒节	2	2	18	克	0.07
总部	老卤香猪手	大豆油	50	50	104.5	克	0.26
总部	老卤香猪手	李锦记锦珍生抽500ml	10	10	4.5	毫升	0.09
总部	酸汤馋嘴蛙	白萝卜	200	200	1	克	0.4
总部	酸汤馋嘴蛙	紫苏	15	15	4.5	克	0.14
总部	酸汤馋嘴蛙	生姜	30	30	3.15	克	0.19
总部	酸汤馋嘴蛙	大蒜子	40	40	4	克	0.32
总部	酸汤馋嘴蛙	冻肥膘	80	80	6	克	0.96
总部	酸汤馋嘴蛙	牛蛙	700	700	11	克	15.4
总部	酸汤馋嘴蛙	白胡椒粉	3	3	36.33	克	0.22
总部	酸汤馋嘴蛙	家乐鸡精900g*10	5	5	20.5	克	0.11
总部	酸汤馋嘴蛙	食用盐400g*60	3	3	0.5	克	0
总部	酸汤馋嘴蛙	唐辣子剁辣椒10kg	20	20	110	克	0.22
总部	酸汤馋嘴蛙	家乐蒸鱼豉油2.35KG*6	10	10	24.67	克	0.11
总部	酸汤馋嘴蛙	莲花味精2000g*5	5	5	26	克	0.07
总部	酸汤馋嘴蛙	泡红椒1*2.5kg	120	120	7	克	1.68
总部	酸汤馋嘴蛙	李锦记蚝油6000ml	8	8	35	毫升	0.05
总部	冬笋炒腊肉	大蒜叶	30	30	3.4	克	0.2
总部	冬笋炒腊肉	美人椒	30	30	10.5	克	0.63
总部	冬笋炒腊肉	冬笋	700	700	14	克	19.6
总部	冬笋炒腊肉	冻肥膘	75	75	6	克	0.9
总部	冬笋炒腊肉	湘西腊肉	150	150	28	克	8.4
总部	冬笋炒腊肉	食用盐400g*60	2.5	2.5	0.5	克	0
总部	冬笋炒腊肉	海天草菇老抽500ml*12	6	6	6.8	毫升	0.08
总部	冬笋炒腊肉	莲花味精2000g*5	3	3	26	克	0.04
总部	冬笋炒腊肉	大豆油	15	15	104.5	克	0.08
总部	柠檬可乐	海南青柠檬（斤）	30	30	8.5	克	0.51
总部	柠檬可乐	可乐	500	500	1.88	克	1.88
总部	酱汁牛腩钵	生姜	25	25	3.15	克	0.16
总部	酱汁牛腩钵	大蒜子	15	15	4	克	0.12
总部	酱汁牛腩钵	香葱	10	10	4.75	克	0.1
总部	酱汁牛腩钵	美人椒	30	30	10.5	克	0.63
总部	酱汁牛腩钵	白胡椒粉	2	2	36.33	克	0.15
总部	酱汁牛腩钵	红星二锅头500ml*12	6	6	6.83	毫升	0.08
总部	酱汁牛腩钵	家乐鸡精900g*10	2	2	20.5	克	0.05
总部	酱汁牛腩钵	食用盐400g*60	2	2	0.5	克	0
总部	酱汁牛腩钵	甘草	5	5	5.5	克	0.06
总部	酱汁牛腩钵	冻牛筋	300	300	25	克	15
总部	酱汁牛腩钵	海天草菇老抽500ml*12	8	8	6.8	毫升	0.11
总部	酱汁牛腩钵	莲花味精2000g*5	5	5	26	克	0.07
总部	酱汁牛腩钵	原味黄野山椒节	2	2	18	克	0.07
总部	酱汁牛腩钵	大豆油	50	50	104.5	克	0.26
总部	酱汁牛腩钵	李锦记锦珍生抽500ml	10	10	4.5	毫升	0.09
总部	酱汁牛腩钵	李锦记蚝油6000ml	20	20	35	毫升	0.12
总部	酱汁牛腩钵	牛腩	300	300	0	克	0
总部	干鱿鱼笋丝	香葱	10	10	4.75	克	0.1
总部	干鱿鱼笋丝	冻肥膘	100	100	6	克	1.2
总部	干鱿鱼笋丝	白胡椒粒	5	5	50.5	克	0.51
总部	干鱿鱼笋丝	干鱿鱼	50	50	48.33	克	4.83
总部	干鱿鱼笋丝	家乐鸡精900g*10	5	5	20.5	克	0.11
总部	干鱿鱼笋丝	食用盐400g*60	2	2	0.5	克	0
总部	干鱿鱼笋丝	莲花味精2000g*5	5	5	26	克	0.07
总部	干鱿鱼笋丝	手工脆笋丝	280	280	16.8	克	9.41
总部	菊花枸杞雪梨茶（热）	枸杞	3	3	31.5	克	0.19
总部	菊花枸杞雪梨茶（热）	皇冠雪梨	300	300	3.75	克	2.25
总部	菊花枸杞雪梨茶（热）	菊花（客用）	5	5	0	克	0
总部	菊花枸杞雪梨茶（热）	单晶冰糖	10	10	5	克	0.1
总部	热拌香肚丝	香菜	50	50	5.35	克	0.54
总部	热拌香肚丝	小米椒	20	20	10	克	0.4
总部	热拌香肚丝	生姜	10	10	3.15	克	0.06
总部	热拌香肚丝	大蒜子	25	25	4	克	0.2
总部	热拌香肚丝	冻肥膘	50	50	6	克	0.6
总部	热拌香肚丝	红辣椒粉	8	8	9.17	克	0.15
总部	热拌香肚丝	卤药	25	25	26	克	1.3
总部	热拌香肚丝	食用盐400g*60	1	1	0.5	克	0
总部	热拌香肚丝	义丰祥麻油350ml*20	8	8	3.75	克	0.09
总部	热拌香肚丝	冻猪肚	375	375	19	克	14.25
总部	热拌香肚丝	海天草菇老抽500ml*12	5	5	6.8	毫升	0.07
总部	热拌香肚丝	莲花味精2000g*5	2	2	26	克	0.03
总部	热拌香肚丝	李锦记蚝油6000ml	5	5	35	毫升	0.03
总部	金蒜爱上虾	小米椒	6	6	10	克	0.12
总部	金蒜爱上虾	生姜	10	10	3.5	克	0.07
总部	金蒜爱上虾	大蒜子	150	150	2.25	克	0.68
总部	金蒜爱上虾	香葱	90	90	1.69	克	0.3
总部	金蒜爱上虾	白糖	3	3	3.8	克	0.02
总部	金蒜爱上虾	超级生粉	3	3	5.6	克	0.03
总部	金蒜爱上虾	鸡蛋1*420	0.5	0.5	0	个	0
总部	金蒜爱上虾	食用盐400g*60	1	1	2.8	克	0.01
总部	金蒜爱上虾	水煮汉虾	200	200	67.5	克	13.5
总部	金蒜爱上虾	家乐蒸鱼豉油2.35KG*6	8	8	24.5	克	0.08
总部	金蒜爱上虾	海天蚝油6kg	5	5	31	克	0.03
总部	金蒜爱上虾	海天金标生抽500ML	8	8	6	克	0.1
总部	金蒜爱上虾	双桥味精2.5kg	2	2	36	克	0.03
总部	金蒜爱上虾	海皇大豆油10L	80	80	68	克	0.59
总部	汽锅蛋饺香	生姜	20	20	3.5	克	0.14
总部	汽锅蛋饺香	香葱	2	2	0	克	0
总部	汽锅蛋饺香	去皮马蹄	50	50	0	克	0
总部	汽锅蛋饺香	鲜玉米	150	150	1.87	克	0.56
总部	汽锅蛋饺香	肉泥	150	150	4	克	1.2
总部	汽锅蛋饺香	大排	100	100	0	克	0
总部	汽锅蛋饺香	老母鸡	150	150	0.26	克	0.08
总部	汽锅蛋饺香	白胡椒粉	2	2	35	克	0.14
总部	汽锅蛋饺香	家乐鸡精900g*10	2	2	20.5	克	0.05
总部	汽锅蛋饺香	食用盐400g*60	2	2	2.8	克	0.01
总部	汽锅蛋饺香	双桥味精2.5kg	3	3	36	克	0.04
总部	汽锅蛋饺香	海皇大豆油10L	30	30	68	克	0.22
总部	汽锅蛋饺香	鸡蛋	20	20	5.3	克	0.21
总部	湘西手撕鸡	生姜	20	20	3.5	克	0.14
总部	湘西手撕鸡	大蒜叶	50	50	4	克	0.4
总部	湘西手撕鸡	大蒜子	10	10	2.25	克	0.05
总部	湘西手撕鸡	孜然粉	5	5	13	克	0.13
总部	湘西手撕鸡	干花椒籽	10	10	35	克	0.7
总部	湘西手撕鸡	红辣椒粉	10	10	9	克	0.18
总部	湘西手撕鸡	义丰祥麻油350ml*20	10	10	0	克	0
总部	湘西手撕鸡	红皮花生米	50	50	6	克	0.6
总部	湘西手撕鸡	鸭腿	900	900	5	克	9
总部	湘西手撕鸡	双桥味精2.5kg	2	2	36	克	0.03
总部	湘西手撕鸡	五丰花椒油330ml	5	5	12.5	克	0.19
总部	湘西手撕鸡	整辣椒干	80	80	9	克	1.44
总部	湘西手撕鸡	卤药包1kg	25	25	26	克	0.65
总部	湘西手撕鸡	海皇大豆油10L	60	60	68	克	0.44
总部	酱油炒饭	香葱	20	20	4.75	克	0.19
总部	酱油炒饭	冻肥膘	50	50	6	克	0.6
总部	酱油炒饭	鸡蛋1*420	1	1	139.15	个	0.33
总部	酱油炒饭	白胡椒粒	5	5	50.5	克	0.51
总部	酱油炒饭	食用盐400g*60	2	2	0.5	克	0
总部	酱油炒饭	海天草菇老抽500ml*12	10	10	6.8	毫升	0.14
总部	酱油炒饭	大豆油	20	20	104.5	克	0.1
总部	酱油炒饭	益香米15KG	200	200	124.5	克	1.66
总部	湖南米粉	江西米粉50*500g	200	200	3.8	克	1.52
总部	剁椒鱼头（半只）	大红椒	25	25	5	克	0.25
总部	剁椒鱼头（半只）	小米椒	5	5	10	克	0.1
总部	剁椒鱼头（半只）	生姜	4	4	3.5	克	0.03
总部	剁椒鱼头（半只）	大蒜子	5	5	4.5	克	0.05
总部	剁椒鱼头（半只）	香葱	2.5	2.5	0	克	0
总部	剁椒鱼头（半只）	家乐鸡精900g*10	2	2	20.5	克	0.05
总部	剁椒鱼头（半只）	老一品豆豉180g*30	3	3	4	克	0.07
总部	剁椒鱼头（半只）	家乐蒸鱼豉油2.35KG*6	10	10	24.5	克	0.1
总部	剁椒鱼头（半只）	泡红椒1*2.5kg	125	125	7	克	1.75
总部	剁椒鱼头（半只）	大湖有机鱼	1.9	1.9	12.5	斤	23.75
总部	剁椒鱼头（半只）	带皮肥膘	15	15	6	克	0.18
总部	剁椒鱼头（半只）	青岛啤酒冰纯600ML	25	25	2	克	0.08
总部	剁椒鱼头（半只）	双桥味精2.5kg	2	2	36	克	0.03
总部	剁椒鱼头（半只）	海皇大豆油10L	25	25	68	克	0.19
总部	剁椒鱼头（整只）	大红椒	50	50	5	克	0.5
总部	剁椒鱼头（整只）	小米椒	10	10	10	克	0.2
总部	剁椒鱼头（整只）	生姜	8	8	3.5	克	0.06
总部	剁椒鱼头（整只）	大蒜子	10	10	4.5	克	0.09
总部	剁椒鱼头（整只）	香葱	5	5	0	克	0
总部	剁椒鱼头（整只）	家乐鸡精900g*10	4	4	20.5	克	0.09
总部	剁椒鱼头（整只）	老一品豆豉180g*30	6	6	4	克	0.13
总部	剁椒鱼头（整只）	家乐蒸鱼豉油2.35KG*6	20	20	24.5	克	0.21
总部	剁椒鱼头（整只）	泡红椒1*2.5kg	250	250	7	克	3.5
总部	剁椒鱼头（整只）	大湖有机鱼	3.8	3.8	12.5	斤	47.5
总部	剁椒鱼头（整只）	带皮肥膘	30	30	6	克	0.36
